#
# A fatal error has been detected by the Java Runtime Environment:
#
#  EXCEPTION_ACCESS_VIOLATION (0xc0000005) at pc=0x00007ffb5bc63ff8, pid=24296, tid=26608
#
# JRE version: OpenJDK Runtime Environment 18.9 (11.0.11+9) (build 11.0.11+9)
# Java VM: OpenJDK 64-Bit Server VM 18.9 (11.0.11+9, mixed mode, tiered, compressed oops, g1 gc, windows-amd64)
# Problematic frame:
# C  0x00007ffb5bc63ff8
#
# No core dump will be written. Minidumps are not enabled by default on client versions of Windows
#
# If you would like to submit a bug report, please visit:
#   https://bugreport.java.com/bugreport/crash.jsp
# The crash happened outside the Java Virtual Machine in native code.
# See problematic frame for where to report the bug.
#

---------------  S U M M A R Y ------------

Command Line: -Dsun.java2d.pmoffscreen=false -Dhttps.protocols=TLSv1,TLSv1.1,TLSv1.2 -Dsun.java2d.xrender=false -Dsun.java2d.d3d=false -Dsun.awt.nopixfmt=true -Dsun.java2d.dpiaware=true -Dsun.java2d.uiScale.enabled=false -Xverify:none -Dswing.aatext=true -XX:-UsePerfData -Djdk.map.althashing.threshold=512 -XX:StringTableSize=4072 --add-opens=java.desktop/com.sun.awt=ALL-UNNAMED --add-opens=java.desktop/javax.swing.plaf.synth=ALL-UNNAMED --add-opens=java.base/java.nio=ALL-UNNAMED --add-opens=java.desktop/sun.swing=ALL-UNNAMED --add-opens=java.desktop/javax.swing=ALL-UNNAMED --add-opens=java.desktop/javax.swing.tree=ALL-UNNAMED --add-opens=java.desktop/javax.swing.plaf.basic=ALL-UNNAMED --add-opens=java.desktop/javax.swing.plaf.synth=ALL-UNNAMED --add-opens=java.desktop/javax.swing.plaf.basic=ALL-UNNAMED --add-opens=java.desktop/javax.swing=ALL-UNNAMED --add-opens=java.desktop/javax.swing.tree=ALL-UNNAMED --add-opens=java.desktop/java.awt.event=ALL-UNNAMED --add-exports=java.desktop/javax.swing.plaf.synth=ALL-UNNAMED --add-exports=java.base/java.nio=ALL-UNNAMED --add-exports=java.desktop/sun.swing=ALL-UNNAMED --add-exports=java.desktop/javax.swing=ALL-UNNAMED --add-exports=java.desktop/javax.swing.tree=ALL-UNNAMED --add-exports=java.desktop/javax.swing.plaf.basic=ALL-UNNAMED --add-exports=java.desktop/sun.swing=ALL-UNNAMED --add-exports=java.desktop/sun.swing.table=ALL-UNNAMED --add-exports=java.desktop/sun.swing.plaf.synth=ALL-UNNAMED --add-exports=java.desktop/sun.awt.shell=ALL-UNNAMED --add-exports=java.base/sun.security.action=ALL-UNNAMED --add-exports=java.desktop/sun.font=ALL-UNNAMED -XX:NewSize=60m -XX:MaxNewSize=60m -Xms256m -Xmx3072m -Xss5m 

Host: Intel(R) Core(TM) i7-6820HQ CPU @ 2.70GHz, 8 cores, 15G,  Windows 10 , 64 bit Build 19041 (10.0.19041.5915)
Time: Fri Sep 19 17:02:26 2025 Θερινή ώρα GTB elapsed time: 2760.580500 seconds (0d 0h 46m 0s)

---------------  T H R E A D  ---------------

Current thread (0x0000026bfc1e0800):  JavaThread "AWT-EventQueue-0" [_thread_in_native, id=26608, stack(0x0000009ddb700000,0x0000009ddbc00000)]

Stack: [0x0000009ddb700000,0x0000009ddbc00000],  sp=0x0000009ddbbfa7e0,  free space=5097k
Native frames: (J=compiled Java code, j=interpreted, Vv=VM code, C=native code)
C  0x00007ffb5bc63ff8
C  0x00007ffb5be843b7
C  0x00007ffb5be7dd77
C  0x00007ffb5be7d857
C  0x00007ffb5be879f0
C  0x00007ffb5be86850
C  0x00007ffb5be86cc6
C  0x00007ffb5bebe22f
C  0x0000026b8863f377

Java frames: (J=compiled Java code, j=interpreted, Vv=VM code)
j  ui.views.waveform.waveformi.WVExecutive_setPrefsMessage(JLjava/lang/String;)V+0
j  ui.views.waveform.executive.a.atv(Ljava/lang/String;)V+5
j  ui.views.waveform.k.kvn()V+128
j  ui.views.waveform.p.actionPerformed(Ljava/awt/event/ActionEvent;)V+4
J 18520 c1 javax.swing.JComboBox.fireActionEvent()V java.desktop@11.0.11 (156 bytes) @ 0x0000026b8b2f397c [0x0000026b8b2f2b60+0x0000000000000e1c]
J 18667 c1 javax.swing.JComboBox.setSelectedItem(Ljava/lang/Object;)V java.desktop@11.0.11 (148 bytes) @ 0x0000026b892042ec [0x0000026b89203800+0x0000000000000aec]
J 19321 c1 ui.utils.swing.e.d.setSelectedItem(Ljava/lang/Object;)V (42 bytes) @ 0x0000026b8abd8cfc [0x0000026b8abd86a0+0x000000000000065c]
j  javax.swing.JComboBox.setSelectedIndex(I)V+58 java.desktop@11.0.11
j  javax.swing.plaf.basic.BasicComboPopup$Handler.mouseReleased(Ljava/awt/event/MouseEvent;)V+97 java.desktop@11.0.11
J 17421 c1 java.awt.AWTEventMulticaster.mouseReleased(Ljava/awt/event/MouseEvent;)V java.desktop@11.0.11 (27 bytes) @ 0x0000026b88c13084 [0x0000026b88c12c80+0x0000000000000404]
J 17421 c1 java.awt.AWTEventMulticaster.mouseReleased(Ljava/awt/event/MouseEvent;)V java.desktop@11.0.11 (27 bytes) @ 0x0000026b88c12eac [0x0000026b88c12c80+0x000000000000022c]
J 14674 c1 java.awt.Component.processMouseEvent(Ljava/awt/event/MouseEvent;)V java.desktop@11.0.11 (100 bytes) @ 0x0000026b89941f1c [0x0000026b89941aa0+0x000000000000047c]
J 14673 c1 javax.swing.JComponent.processMouseEvent(Ljava/awt/event/MouseEvent;)V java.desktop@11.0.11 (27 bytes) @ 0x0000026b896813f4 [0x0000026b896811e0+0x0000000000000214]
j  javax.swing.plaf.basic.BasicComboPopup$1.processMouseEvent(Ljava/awt/event/MouseEvent;)V+93 java.desktop@11.0.11
J 16941 c2 java.awt.Container.processEvent(Ljava/awt/AWTEvent;)V java.desktop@11.0.11 (22 bytes) @ 0x0000026b90ff5818 [0x0000026b90ff56a0+0x0000000000000178]
J 22021 c1 java.awt.Component.dispatchEventImpl(Ljava/awt/AWTEvent;)V java.desktop@11.0.11 (777 bytes) @ 0x0000026b8a7b06a4 [0x0000026b8a7ac6e0+0x0000000000003fc4]
J 18569 c2 java.awt.Container.dispatchEventImpl(Ljava/awt/AWTEvent;)V java.desktop@11.0.11 (129 bytes) @ 0x0000026b912f75c0 [0x0000026b912f7180+0x0000000000000440]
J 16332 c2 java.awt.LightweightDispatcher.retargetMouseEvent(Ljava/awt/Component;ILjava/awt/event/MouseEvent;)V java.desktop@11.0.11 (372 bytes) @ 0x0000026b90f07fd8 [0x0000026b90f07a60+0x0000000000000578]
J 18569 c2 java.awt.Container.dispatchEventImpl(Ljava/awt/AWTEvent;)V java.desktop@11.0.11 (129 bytes) @ 0x0000026b912f73b4 [0x0000026b912f7180+0x0000000000000234]
J 15445 c2 java.awt.Window.dispatchEventImpl(Ljava/awt/AWTEvent;)V java.desktop@11.0.11 (23 bytes) @ 0x0000026b904e908c [0x0000026b904e9040+0x000000000000004c]
J 12942 c2 java.awt.EventQueue$4.run()Ljava/lang/Object; java.desktop@11.0.11 (5 bytes) @ 0x0000026b90296b28 [0x0000026b90296980+0x00000000000001a8]
v  ~StubRoutines::call_stub
J 4227  java.security.AccessController.doPrivileged(Ljava/security/PrivilegedAction;Ljava/security/AccessControlContext;)Ljava/lang/Object; java.base@11.0.11 (0 bytes) @ 0x0000026b903428b6 [0x0000026b90342840+0x0000000000000076]
J 15716 c2 java.awt.EventQueue$5.run()Ljava/lang/Object; java.desktop@11.0.11 (5 bytes) @ 0x0000026b906977d8 [0x0000026b90697760+0x0000000000000078]
v  ~StubRoutines::call_stub
J 4227  java.security.AccessController.doPrivileged(Ljava/security/PrivilegedAction;Ljava/security/AccessControlContext;)Ljava/lang/Object; java.base@11.0.11 (0 bytes) @ 0x0000026b903428b6 [0x0000026b90342840+0x0000000000000076]
J 12931 c2 ui.frmwork.a.d.dispatchEvent(Ljava/awt/AWTEvent;)V (42 bytes) @ 0x0000026b902a57e4 [0x0000026b902a5480+0x0000000000000364]
J 12935 c2 java.awt.EventDispatchThread.pumpOneEventForFilters(I)V java.desktop@11.0.11 (113 bytes) @ 0x0000026b90ad0f14 [0x0000026b90ad0a80+0x0000000000000494]
J 17251% c2 java.awt.EventDispatchThread.pumpEventsForFilter(ILjava/awt/Conditional;Ljava/awt/EventFilter;)V java.desktop@11.0.11 (47 bytes) @ 0x0000026b910ae7c0 [0x0000026b910ae6c0+0x0000000000000100]
j  java.awt.EventDispatchThread.pumpEventsForHierarchy(ILjava/awt/Conditional;Ljava/awt/Component;)V+11 java.desktop@11.0.11
j  java.awt.EventDispatchThread.pumpEvents(ILjava/awt/Conditional;)V+4 java.desktop@11.0.11
j  java.awt.EventDispatchThread.pumpEvents(Ljava/awt/Conditional;)V+3 java.desktop@11.0.11
j  java.awt.EventDispatchThread.run()V+9 java.desktop@11.0.11
v  ~StubRoutines::call_stub

siginfo: EXCEPTION_ACCESS_VIOLATION (0xc0000005), reading address 0x0000000000000000


Register to memory mapping:

RIP=0x00007ffb5bc63ff8 points into unknown readable memory: 0x8b48f775321c3842 | 42 38 1c 32 75 f7 48 8b
RAX=0x0 is NULL
RBX=0x0 is NULL
RCX=0x0000009ddbbfa880 is pointing into the stack for thread: 0x0000026bfc1e0800
RDX=0x0 is NULL
RSP=0x0000009ddbbfa7e0 is pointing into the stack for thread: 0x0000026bfc1e0800
RBP=0x0000009ddbbfa950 is pointing into the stack for thread: 0x0000026bfc1e0800
RSI=0x0000009ddbbfa880 is pointing into the stack for thread: 0x0000026bfc1e0800
RDI=0x0000009ddbbfaa28 is pointing into the stack for thread: 0x0000026bfc1e0800
R8 =0x0 is NULL
R9 =64 is a compressed pointer to class: 0x0000000800000040
R10=0x0000000000000640 is an unknown value
R11=0xf4e1e51f4e6b3f77 is an unknown value
R12=0x00007ffb5c1ff290 points into unknown readable memory: 0x0000026b9e1cd3e0 | e0 d3 1c 9e 6b 02 00 00
R13=0x0000026bb8ed4d70 points into unknown readable memory: 0x00007ffb7d448360 | 60 83 44 7d fb 7f 00 00
R14=0x0 is NULL
R15=0x0 is NULL


Registers:
RAX=0x0000000000000000, RBX=0x0000000000000000, RCX=0x0000009ddbbfa880, RDX=0x0000000000000000
RSP=0x0000009ddbbfa7e0, RBP=0x0000009ddbbfa950, RSI=0x0000009ddbbfa880, RDI=0x0000009ddbbfaa28
R8 =0x0000000000000000, R9 =0x0000000000000040, R10=0x0000000000000640, R11=0xf4e1e51f4e6b3f77
R12=0x00007ffb5c1ff290, R13=0x0000026bb8ed4d70, R14=0x0000000000000000, R15=0x0000000000000000
RIP=0x00007ffb5bc63ff8, EFLAGS=0x0000000000010256

Top of Stack: (sp=0x0000009ddbbfa7e0)
0x0000009ddbbfa7e0:   0000026b00000001 00007ffb5c047408
0x0000009ddbbfa7f0:   0000009ddbbfa970 00007ffc1189c61b
0x0000009ddbbfa800:   fffffffffffffffe 0000009ddbbfa828
0x0000009ddbbfa810:   0000009ddbbfaaf0 0000009ddbbfaaf0
0x0000009ddbbfa820:   0000026bb8ed4fb0 00007ffb5c047408
0x0000009ddbbfa830:   00007ffb5c1ff290 0000009ddbbfaa28
0x0000009ddbbfa840:   00007ffb5c1e1008 00007ffb5be843b7
0x0000009ddbbfa850:   0000009ddbbfa880 0000009ddbbfaaf0
0x0000009ddbbfa860:   00007ffb00000000 0000026b00000000
0x0000009ddbbfa870:   0000009d00000002 fffffffffffffffe
0x0000009ddbbfa880:   00007ffb5c047410 00007ffb5c047388
0x0000009ddbbfa890:   0000000000000000 0000000000000000
0x0000009ddbbfa8a0:   0000009ddbbfa890 0000009ddbbfa898
0x0000009ddbbfa8b0:   0000000000000000 0000000000000000
0x0000009ddbbfa8c0:   0000009ddbbfa8b0 0000009ddbbfa8b8
0x0000009ddbbfa8d0:   0000000000000000 0000009ddbbfa8d0 

Instructions: (pc=0x00007ffb5bc63ff8)
0x00007ffb5bc63ef8:   cc cc cc cc cc cc cc cc 89 51 18 c3 cc cc cc cc
0x00007ffb5bc63f08:   cc cc cc cc cc cc cc cc 89 51 28 c3 cc cc cc cc
0x00007ffb5bc63f18:   cc cc cc cc cc cc cc cc c2 00 00 cc cc cc cc cc
0x00007ffb5bc63f28:   cc cc cc cc cc cc cc cc 48 89 5c 24 08 57 48 83
0x00007ffb5bc63f38:   ec 20 48 8b f9 48 8b da 48 8b 49 08 e8 27 a7 30
0x00007ffb5bc63f48:   00 48 c7 47 08 00 00 00 00 48 85 db 74 3b 48 c7
0x00007ffb5bc63f58:   c1 ff ff ff ff 0f 1f 00 48 ff c1 80 3c 0b 00 75
0x00007ffb5bc63f68:   f7 48 ff c1 e8 f7 a6 30 00 48 89 47 08 66 66 66
0x00007ffb5bc63f78:   0f 1f 84 00 00 00 00 00 0f b6 0b 48 8d 5b 01 88
0x00007ffb5bc63f88:   08 48 8d 40 01 84 c9 75 ef 48 8b 5c 24 30 48 83
0x00007ffb5bc63f98:   c4 20 5f c3 cc cc cc cc 48 83 7a 18 10 4c 8b 42
0x00007ffb5bc63fa8:   10 72 03 48 8b 12 e9 3d 17 00 00 cc cc cc cc cc
0x00007ffb5bc63fb8:   cc cc cc cc cc cc cc cc 48 89 4c 24 08 56 57 41
0x00007ffb5bc63fc8:   54 41 56 41 57 48 83 ec 40 48 c7 44 24 20 fe ff
0x00007ffb5bc63fd8:   ff ff 48 89 5c 24 78 4c 8b fa 48 8b f1 33 db 89
0x00007ffb5bc63fe8:   9c 24 80 00 00 00 49 c7 c6 ff ff ff ff 49 ff c6
0x00007ffb5bc63ff8:   42 38 1c 32 75 f7 48 8b 09 48 63 41 04 48 8b 7c
0x00007ffb5bc64008:   30 28 48 85 ff 7e 0a 49 3b fe 7e 05 49 2b fe eb
0x00007ffb5bc64018:   02 33 ff 4c 8b e6 48 89 74 24 28 48 8b 54 30 48
0x00007ffb5bc64028:   4c 8b c1 48 85 d2 74 0f 48 8b 02 48 8b ca ff 50
0x00007ffb5bc64038:   08 48 8b 0e 4c 8b c1 4c 63 49 04 48 8b c1 49 8b
0x00007ffb5bc64048:   d0 41 83 7c 31 10 00 75 1e 4d 8b 4c 31 50 4d 85
0x00007ffb5bc64058:   c9 74 14 4c 3b ce 74 0f 49 8b c9 ff 15 af b3 3d
0x00007ffb5bc64068:   00 48 8b 06 48 8b d0 48 63 48 04 8b 44 31 10 85
0x00007ffb5bc64078:   c0 0f 94 44 24 30 85 c0 74 0a bb 04 00 00 00 e9
0x00007ffb5bc64088:   ac 00 00 00 8b 44 31 18 25 c0 01 00 00 83 f8 40
0x00007ffb5bc64098:   74 2f 66 0f 1f 44 00 00 48 85 ff 7e 21 48 8b 06
0x00007ffb5bc640a8:   48 63 48 04 0f b6 54 31 58 48 8b 4c 31 48 ff 15
0x00007ffb5bc640b8:   e4 b3 3d 00 83 f8 ff 74 48 48 ff cf eb da 48 8b
0x00007ffb5bc640c8:   16 48 63 4a 04 4d 8b c6 49 8b d7 48 8b 4c 31 48
0x00007ffb5bc640d8:   ff 15 ba b3 3d 00 49 3b c6 75 26 48 85 ff 7e 2d
0x00007ffb5bc640e8:   48 8b 06 48 63 48 04 0f b6 54 31 58 48 8b 4c 31 


Stack slot to memory mapping:
stack at sp + 0 slots: 0x0000026b00000001 is an unknown value
stack at sp + 1 slots: 0x00007ffb5c047408 points into unknown readable memory: 0x00007ffb5bc661d0 | d0 61 c6 5b fb 7f 00 00
stack at sp + 2 slots: 0x0000009ddbbfa970 is pointing into the stack for thread: 0x0000026bfc1e0800
stack at sp + 3 slots: 0x00007ffc1189c61b MSVCP140.dll
stack at sp + 4 slots: 0xfffffffffffffffe is an unknown value
stack at sp + 5 slots: 0x0000009ddbbfa828 is pointing into the stack for thread: 0x0000026bfc1e0800
stack at sp + 6 slots: 0x0000009ddbbfaaf0 is pointing into the stack for thread: 0x0000026bfc1e0800
stack at sp + 7 slots: 0x0000009ddbbfaaf0 is pointing into the stack for thread: 0x0000026bfc1e0800


---------------  P R O C E S S  ---------------

Threads class SMR info:
_java_thread_list=0x0000026bb21906b0, length=35, elements={
0x0000026bfb9f3800, 0x0000026bfc16f000, 0x0000026bfc171800, 0x0000026bfc1d4800,
0x0000026bfc1d6000, 0x0000026bfc1da000, 0x0000026bfc18a000, 0x0000026bfc18f800,
0x0000026bfc1df000, 0x0000026bfc1dd000, 0x0000026bfc1dc800, 0x0000026bfc1df800,
0x0000026bfc1e3000, 0x0000026bfc1de000, 0x0000026bfc1e0800, 0x0000026ba0746000,
0x0000026ba0744800, 0x0000026ba0741000, 0x0000026ba0742800, 0x0000026ba0747800,
0x0000026ba074c800, 0x0000026ba0748800, 0x0000026ba074b000, 0x0000026ba0740800,
0x0000026ba0742000, 0x0000026ba0749800, 0x0000026bfc1e1000, 0x0000026bfc1e2000,
0x0000026bb8901800, 0x0000026bb88ff000, 0x0000026bb8904800, 0x0000026bb88fe000,
0x0000026bb8900800, 0x0000026ba074f000, 0x0000026ba074e000
}

Java Threads: ( => current thread )
  0x0000026bfb9f3800 JavaThread "main" [_thread_blocked, id=12860, stack(0x0000009dd6900000,0x0000009dd6a00000)]
  0x0000026bfc16f000 JavaThread "Reference Handler" daemon [_thread_blocked, id=13916, stack(0x0000009dd7000000,0x0000009dd7500000)]
  0x0000026bfc171800 JavaThread "Finalizer" daemon [_thread_blocked, id=15440, stack(0x0000009dd7500000,0x0000009dd7a00000)]
  0x0000026bfc1d4800 JavaThread "Signal Dispatcher" daemon [_thread_blocked, id=988, stack(0x0000009dd7a00000,0x0000009dd7f00000)]
  0x0000026bfc1d6000 JavaThread "Attach Listener" daemon [_thread_blocked, id=11952, stack(0x0000009dd7f00000,0x0000009dd8400000)]
  0x0000026bfc1da000 JavaThread "Service Thread" daemon [_thread_blocked, id=15100, stack(0x0000009dd8400000,0x0000009dd8900000)]
  0x0000026bfc18a000 JavaThread "C2 CompilerThread0" daemon [_thread_blocked, id=18460, stack(0x0000009dd8900000,0x0000009dd8a00000)]
  0x0000026bfc18f800 JavaThread "C1 CompilerThread0" daemon [_thread_blocked, id=2884, stack(0x0000009dd8a00000,0x0000009dd8b00000)]
  0x0000026bfc1df000 JavaThread "Sweeper thread" daemon [_thread_blocked, id=9636, stack(0x0000009dd8b00000,0x0000009dd9000000)]
  0x0000026bfc1dd000 JavaThread "Common-Cleaner" daemon [_thread_blocked, id=25288, stack(0x0000009dd9000000,0x0000009dd9500000)]
  0x0000026bfc1dc800 JavaThread "Java2D Disposer" daemon [_thread_blocked, id=9596, stack(0x0000009dd9600000,0x0000009dd9b00000)]
  0x0000026bfc1df800 JavaThread "AWT-Windows" daemon [_thread_in_native, id=22872, stack(0x0000009dda000000,0x0000009dda500000)]
  0x0000026bfc1e3000 JavaThread "TimerQueue" daemon [_thread_blocked, id=1548, stack(0x0000009ddad00000,0x0000009ddb200000)]
  0x0000026bfc1de000 JavaThread "AWT-Shutdown" [_thread_blocked, id=21444, stack(0x0000009dd9b00000,0x0000009dda000000)]
=>0x0000026bfc1e0800 JavaThread "AWT-EventQueue-0" [_thread_in_native, id=26608, stack(0x0000009ddb700000,0x0000009ddbc00000)]
  0x0000026ba0746000 JavaThread "Thread-1" [_thread_in_native, id=18552, stack(0x0000009dd5100000,0x0000009dd6500000)]
  0x0000026ba0744800 JavaThread "Process Messages Thread" [_thread_blocked, id=17044, stack(0x0000009ddc400000,0x0000009ddc900000)]
  0x0000026ba0741000 JavaThread "Batik CleanerThread" daemon [_thread_blocked, id=21256, stack(0x0000009ddbc00000,0x0000009ddc100000)]
  0x0000026ba0742800 JavaThread "SyntheticaCleanerThread" daemon [_thread_blocked, id=15456, stack(0x0000009ddce00000,0x0000009ddd300000)]
  0x0000026ba0747800 JavaThread "Monitor HEventQueue Thread" [_thread_blocked, id=25192, stack(0x0000009dddb00000,0x0000009dde000000)]
  0x0000026ba074c800 JavaThread "SyntheticaAnimation 50" daemon [_thread_blocked, id=16724, stack(0x0000009dde000000,0x0000009dde500000)]
  0x0000026ba0748800 JavaThread "SyntheticaAnimation 25" daemon [_thread_blocked, id=26320, stack(0x0000009dde500000,0x0000009ddea00000)]
  0x0000026ba074b000 JavaThread "SyntheticaAnimation 70" daemon [_thread_blocked, id=5504, stack(0x0000009ddef00000,0x0000009ddf400000)]
  0x0000026ba0740800 JavaThread "Refresh Filesets Swing Worker Thread" [_thread_blocked, id=8604, stack(0x0000009ddb200000,0x0000009ddb700000)]
  0x0000026ba0742000 JavaThread "hw_ila_monitor" [_thread_blocked, id=10544, stack(0x0000009ddc900000,0x0000009ddce00000)]
  0x0000026ba0749800 JavaThread "pool-1-thread-1" [_thread_blocked, id=26144, stack(0x0000009ddf900000,0x0000009ddfe00000)]
  0x0000026bfc1e1000 JavaThread "pool-2-thread-1" [_thread_blocked, id=26096, stack(0x0000009ddfe00000,0x0000009de0300000)]
  0x0000026bfc1e2000 JavaThread "pool-3-thread-1" [_thread_blocked, id=11756, stack(0x0000009de0300000,0x0000009de0800000)]
  0x0000026bb8901800 JavaThread "Update Runs Swing Worker Thread" [_thread_blocked, id=1288, stack(0x0000009de0800000,0x0000009de0d00000)]
  0x0000026bb88ff000 JavaThread "SyntheticaAnimation 50" daemon [_thread_blocked, id=8096, stack(0x0000009ddd300000,0x0000009ddd800000)]
  0x0000026bb8904800 JavaThread "Image Animator 0" daemon [_thread_blocked, id=23028, stack(0x0000009de1700000,0x0000009de1c00000)]
  0x0000026bb88fe000 JavaThread "Timer-1" [_thread_blocked, id=15528, stack(0x0000009ddea00000,0x0000009ddef00000)]
  0x0000026bb8900800 JavaThread "Monitor File Timestamp Swing Worker Thread" [_thread_blocked, id=23548, stack(0x0000009ddf400000,0x0000009ddf900000)]
  0x0000026ba074f000 JavaThread "Timer-3" [_thread_blocked, id=26544, stack(0x0000009de1c00000,0x0000009de2100000)]
  0x0000026ba074e000 JavaThread "Monitor File Timestamp Swing Worker Thread" [_thread_blocked, id=8444, stack(0x0000009de2100000,0x0000009de2600000)]

Other Threads:
  0x0000026bfc169800 VMThread "VM Thread" [stack: 0x0000009dd6f00000,0x0000009dd7000000] [id=19256]
  0x0000026b9c732000 WatcherThread [stack: 0x0000009dd9500000,0x0000009dd9600000] [id=5912]
  0x0000026bfbf07800 GCTaskThread "GC Thread#0" [stack: 0x0000009dd6a00000,0x0000009dd6b00000] [id=13308]
  0x0000026b9e9db800 GCTaskThread "GC Thread#1" [stack: 0x0000009dda700000,0x0000009dda800000] [id=26584]
  0x0000026b9eb42000 GCTaskThread "GC Thread#2" [stack: 0x0000009dda800000,0x0000009dda900000] [id=16572]
  0x0000026b9efcd800 GCTaskThread "GC Thread#3" [stack: 0x0000009dda900000,0x0000009ddaa00000] [id=15720]
  0x0000026b9efce000 GCTaskThread "GC Thread#4" [stack: 0x0000009ddaa00000,0x0000009ddab00000] [id=21144]
  0x0000026b9efff800 GCTaskThread "GC Thread#5" [stack: 0x0000009ddab00000,0x0000009ddac00000] [id=20804]
  0x0000026b9fd57800 GCTaskThread "GC Thread#6" [stack: 0x0000009ddc100000,0x0000009ddc200000] [id=26488]
  0x0000026b9f360800 GCTaskThread "GC Thread#7" [stack: 0x0000009ddc200000,0x0000009ddc300000] [id=22852]
  0x0000026bfbf46000 ConcurrentGCThread "G1 Main Marker" [stack: 0x0000009dd6b00000,0x0000009dd6c00000] [id=24928]
  0x0000026bfbf47000 ConcurrentGCThread "G1 Conc#0" [stack: 0x0000009dd6c00000,0x0000009dd6d00000] [id=23448]
  0x0000026b9d1cb800 ConcurrentGCThread "G1 Conc#1" [stack: 0x0000009ddc300000,0x0000009ddc400000] [id=13152]
  0x0000026bfc016800 ConcurrentGCThread "G1 Refine#0" [stack: 0x0000009dd6d00000,0x0000009dd6e00000] [id=13732]
  0x0000026b9eaf9000 ConcurrentGCThread "G1 Refine#1" [stack: 0x0000009ddac00000,0x0000009ddad00000] [id=12956]
  0x0000026bfc01b000 ConcurrentGCThread "G1 Young RemSet Sampling" [stack: 0x0000009dd6e00000,0x0000009dd6f00000] [id=6952]

Threads with active compile tasks:

VM state:not at safepoint (normal execution)

VM Mutex/Monitor currently owned by a thread: None

Heap address: 0x0000000740000000, size: 3072 MB, Compressed Oops mode: Zero based, Oop shift amount: 3
Narrow klass base: 0x0000000800000000, Narrow klass shift: 0
Compressed class space size: 1073741824 Address: 0x0000000800000000

Heap:
 garbage-first heap   total 262144K, used 98351K [0x0000000740000000, 0x0000000800000000)
  region size 1024K, 11 young (11264K), 1 survivors (1024K)
 Metaspace       used 93565K, capacity 95990K, committed 96304K, reserved 1132544K
  class space    used 12281K, capacity 13365K, committed 13440K, reserved 1048576K
Heap Regions: E=young(eden), S=young(survivor), O=old, HS=humongous(starts), HC=humongous(continues), CS=collection set, F=free, A=archive, TAMS=top-at-mark-start (previous, next)
|   0|0x0000000740000000, 0x0000000740100000, 0x0000000740100000|100%|HS|  |TAMS 0x0000000740000000, 0x0000000740000000| Untracked 
|   1|0x0000000740100000, 0x0000000740200000, 0x0000000740200000|100%|HC|  |TAMS 0x0000000740100000, 0x0000000740100000| Untracked 
|   2|0x0000000740200000, 0x0000000740300000, 0x0000000740300000|100%|HS|  |TAMS 0x0000000740200000, 0x0000000740200000| Untracked 
|   3|0x0000000740300000, 0x00000007403fffe0, 0x0000000740400000| 99%| O|  |TAMS 0x0000000740300000, 0x0000000740300000| Untracked 
|   4|0x0000000740400000, 0x0000000740500000, 0x0000000740500000|100%| O|  |TAMS 0x0000000740400000, 0x0000000740400000| Untracked 
|   5|0x0000000740500000, 0x00000007405ffff8, 0x0000000740600000| 99%| O|  |TAMS 0x0000000740500000, 0x0000000740500000| Untracked 
|   6|0x0000000740600000, 0x00000007406ffff8, 0x0000000740700000| 99%| O|  |TAMS 0x0000000740600000, 0x0000000740600000| Untracked 
|   7|0x0000000740700000, 0x00000007407fffe8, 0x0000000740800000| 99%| O|  |TAMS 0x0000000740700000, 0x0000000740700000| Untracked 
|   8|0x0000000740800000, 0x00000007408ffff0, 0x0000000740900000| 99%| O|  |TAMS 0x0000000740800000, 0x0000000740800000| Untracked 
|   9|0x0000000740900000, 0x0000000740a00000, 0x0000000740a00000|100%| O|  |TAMS 0x0000000740900000, 0x0000000740900000| Untracked 
|  10|0x0000000740a00000, 0x0000000740affff8, 0x0000000740b00000| 99%| O|  |TAMS 0x0000000740a00000, 0x0000000740a00000| Untracked 
|  11|0x0000000740b00000, 0x0000000740bffff8, 0x0000000740c00000| 99%| O|  |TAMS 0x0000000740b00000, 0x0000000740b00000| Untracked 
|  12|0x0000000740c00000, 0x0000000740cfae70, 0x0000000740d00000| 98%| O|  |TAMS 0x0000000740c00000, 0x0000000740c00000| Untracked 
|  13|0x0000000740d00000, 0x0000000740dfffd0, 0x0000000740e00000| 99%| O|  |TAMS 0x0000000740d00000, 0x0000000740d00000| Untracked 
|  14|0x0000000740e00000, 0x0000000740efffb8, 0x0000000740f00000| 99%| O|  |TAMS 0x0000000740e00000, 0x0000000740e00000| Untracked 
|  15|0x0000000740f00000, 0x0000000741000000, 0x0000000741000000|100%| O|  |TAMS 0x0000000740f00000, 0x0000000740f00000| Untracked 
|  16|0x0000000741000000, 0x0000000741100000, 0x0000000741100000|100%| O|  |TAMS 0x0000000741000000, 0x0000000741000000| Untracked 
|  17|0x0000000741100000, 0x0000000741200000, 0x0000000741200000|100%| O|  |TAMS 0x0000000741100000, 0x0000000741100000| Untracked 
|  18|0x0000000741200000, 0x0000000741300000, 0x0000000741300000|100%| O|  |TAMS 0x0000000741200000, 0x0000000741200000| Untracked 
|  19|0x0000000741300000, 0x00000007413ffff8, 0x0000000741400000| 99%| O|  |TAMS 0x0000000741300000, 0x0000000741300000| Untracked 
|  20|0x0000000741400000, 0x00000007414ffff0, 0x0000000741500000| 99%| O|  |TAMS 0x0000000741400000, 0x0000000741400000| Untracked 
|  21|0x0000000741500000, 0x0000000741600000, 0x0000000741600000|100%| O|  |TAMS 0x0000000741500000, 0x0000000741500000| Untracked 
|  22|0x0000000741600000, 0x00000007416ffff0, 0x0000000741700000| 99%| O|  |TAMS 0x0000000741600000, 0x0000000741600000| Untracked 
|  23|0x0000000741700000, 0x0000000741800000, 0x0000000741800000|100%| O|  |TAMS 0x0000000741700000, 0x0000000741700000| Untracked 
|  24|0x0000000741800000, 0x00000007418ffff0, 0x0000000741900000| 99%| O|  |TAMS 0x0000000741800000, 0x0000000741800000| Untracked 
|  25|0x0000000741900000, 0x0000000741a00000, 0x0000000741a00000|100%| O|  |TAMS 0x0000000741900000, 0x0000000741900000| Untracked 
|  26|0x0000000741a00000, 0x0000000741affff8, 0x0000000741b00000| 99%| O|  |TAMS 0x0000000741a00000, 0x0000000741a00000| Untracked 
|  27|0x0000000741b00000, 0x0000000741c00000, 0x0000000741c00000|100%| O|  |TAMS 0x0000000741b00000, 0x0000000741b00000| Untracked 
|  28|0x0000000741c00000, 0x0000000741cfffd8, 0x0000000741d00000| 99%| O|  |TAMS 0x0000000741c00000, 0x0000000741c00000| Untracked 
|  29|0x0000000741d00000, 0x0000000741dffff8, 0x0000000741e00000| 99%| O|  |TAMS 0x0000000741d00000, 0x0000000741d00000| Untracked 
|  30|0x0000000741e00000, 0x0000000741efffe0, 0x0000000741f00000| 99%| O|  |TAMS 0x0000000741e00000, 0x0000000741e00000| Untracked 
|  31|0x0000000741f00000, 0x0000000742000000, 0x0000000742000000|100%| O|  |TAMS 0x0000000741f00000, 0x0000000741f00000| Untracked 
|  32|0x0000000742000000, 0x0000000742100000, 0x0000000742100000|100%| O|  |TAMS 0x0000000742000000, 0x0000000742000000| Untracked 
|  33|0x0000000742100000, 0x00000007421fffd8, 0x0000000742200000| 99%| O|  |TAMS 0x0000000742100000, 0x0000000742100000| Untracked 
|  34|0x0000000742200000, 0x00000007422ffff8, 0x0000000742300000| 99%| O|  |TAMS 0x0000000742200000, 0x0000000742200000| Untracked 
|  35|0x0000000742300000, 0x0000000742400000, 0x0000000742400000|100%| O|  |TAMS 0x0000000742300000, 0x0000000742300000| Untracked 
|  36|0x0000000742400000, 0x00000007424fffe0, 0x0000000742500000| 99%| O|  |TAMS 0x0000000742400000, 0x0000000742400000| Untracked 
|  37|0x0000000742500000, 0x00000007425ffff8, 0x0000000742600000| 99%| O|  |TAMS 0x0000000742500000, 0x0000000742500000| Untracked 
|  38|0x0000000742600000, 0x00000007426ffff8, 0x0000000742700000| 99%| O|  |TAMS 0x0000000742600000, 0x0000000742600000| Untracked 
|  39|0x0000000742700000, 0x00000007427fffe8, 0x0000000742800000| 99%| O|  |TAMS 0x0000000742700000, 0x0000000742700000| Untracked 
|  40|0x0000000742800000, 0x00000007428fffd0, 0x0000000742900000| 99%| O|  |TAMS 0x0000000742800000, 0x0000000742800000| Untracked 
|  41|0x0000000742900000, 0x00000007429fffe8, 0x0000000742a00000| 99%| O|  |TAMS 0x0000000742900000, 0x0000000742900000| Untracked 
|  42|0x0000000742a00000, 0x0000000742b00000, 0x0000000742b00000|100%| O|  |TAMS 0x0000000742a00000, 0x0000000742a00000| Untracked 
|  43|0x0000000742b00000, 0x0000000742bfffe8, 0x0000000742c00000| 99%| O|  |TAMS 0x0000000742b00000, 0x0000000742b00000| Untracked 
|  44|0x0000000742c00000, 0x0000000742cffec8, 0x0000000742d00000| 99%| O|  |TAMS 0x0000000742c00000, 0x0000000742c00000| Untracked 
|  45|0x0000000742d00000, 0x0000000742dfffd0, 0x0000000742e00000| 99%| O|  |TAMS 0x0000000742d00000, 0x0000000742d00000| Untracked 
|  46|0x0000000742e00000, 0x0000000742efffe0, 0x0000000742f00000| 99%| O|  |TAMS 0x0000000742e00000, 0x0000000742e00000| Untracked 
|  47|0x0000000742f00000, 0x0000000742ffffc0, 0x0000000743000000| 99%| O|  |TAMS 0x0000000742f00000, 0x0000000742f00000| Untracked 
|  48|0x0000000743000000, 0x00000007430ffff0, 0x0000000743100000| 99%| O|  |TAMS 0x0000000743000000, 0x0000000743000000| Untracked 
|  49|0x0000000743100000, 0x00000007431ffff0, 0x0000000743200000| 99%| O|  |TAMS 0x0000000743100000, 0x0000000743100000| Untracked 
|  50|0x0000000743200000, 0x0000000743300000, 0x0000000743300000|100%| O|  |TAMS 0x0000000743200000, 0x0000000743200000| Untracked 
|  51|0x0000000743300000, 0x0000000743400000, 0x0000000743400000|100%| O|  |TAMS 0x0000000743300000, 0x0000000743300000| Untracked 
|  52|0x0000000743400000, 0x00000007434fffe8, 0x0000000743500000| 99%| O|  |TAMS 0x0000000743400000, 0x0000000743400000| Untracked 
|  53|0x0000000743500000, 0x00000007435fffe8, 0x0000000743600000| 99%| O|  |TAMS 0x0000000743500000, 0x0000000743500000| Untracked 
|  54|0x0000000743600000, 0x00000007436ffff8, 0x0000000743700000| 99%| O|  |TAMS 0x0000000743600000, 0x0000000743600000| Untracked 
|  55|0x0000000743700000, 0x00000007437ffff0, 0x0000000743800000| 99%| O|  |TAMS 0x0000000743700000, 0x0000000743700000| Untracked 
|  56|0x0000000743800000, 0x00000007438ffff8, 0x0000000743900000| 99%| O|  |TAMS 0x0000000743800000, 0x0000000743800000| Untracked 
|  57|0x0000000743900000, 0x00000007439ffde8, 0x0000000743a00000| 99%| O|  |TAMS 0x0000000743900000, 0x0000000743900000| Untracked 
|  58|0x0000000743a00000, 0x0000000743affff0, 0x0000000743b00000| 99%| O|  |TAMS 0x0000000743a00000, 0x0000000743a00000| Untracked 
|  59|0x0000000743b00000, 0x0000000743bffec8, 0x0000000743c00000| 99%| O|  |TAMS 0x0000000743b00000, 0x0000000743b00000| Untracked 
|  60|0x0000000743c00000, 0x0000000743cfffc8, 0x0000000743d00000| 99%| O|  |TAMS 0x0000000743c00000, 0x0000000743c00000| Untracked 
|  61|0x0000000743d00000, 0x0000000743e00000, 0x0000000743e00000|100%| O|  |TAMS 0x0000000743d00000, 0x0000000743d00000| Untracked 
|  62|0x0000000743e00000, 0x0000000743effff0, 0x0000000743f00000| 99%| O|  |TAMS 0x0000000743e00000, 0x0000000743e00000| Untracked 
|  63|0x0000000743f00000, 0x0000000743fffff0, 0x0000000744000000| 99%| O|  |TAMS 0x0000000743f00000, 0x0000000743f00000| Untracked 
|  64|0x0000000744000000, 0x00000007440ffff0, 0x0000000744100000| 99%| O|  |TAMS 0x0000000744000000, 0x0000000744000000| Untracked 
|  65|0x0000000744100000, 0x00000007441ffff8, 0x0000000744200000| 99%| O|  |TAMS 0x0000000744100000, 0x0000000744100000| Untracked 
|  66|0x0000000744200000, 0x00000007442e6258, 0x0000000744300000| 89%| O|  |TAMS 0x0000000744200000, 0x0000000744200000| Untracked 
|  67|0x0000000744300000, 0x00000007443ffa10, 0x0000000744400000| 99%| O|  |TAMS 0x0000000744300000, 0x0000000744300000| Untracked 
|  68|0x0000000744400000, 0x0000000744500000, 0x0000000744500000|100%|HS|  |TAMS 0x0000000744400000, 0x0000000744400000| Untracked 
|  69|0x0000000744500000, 0x0000000744600000, 0x0000000744600000|100%|HC|  |TAMS 0x0000000744500000, 0x0000000744500000| Untracked 
|  70|0x0000000744600000, 0x0000000744700000, 0x0000000744700000|100%|HC|  |TAMS 0x0000000744600000, 0x0000000744600000| Untracked 
|  71|0x0000000744700000, 0x0000000744800000, 0x0000000744800000|100%|HC|  |TAMS 0x0000000744700000, 0x0000000744700000| Untracked 
|  72|0x0000000744800000, 0x0000000744900000, 0x0000000744900000|100%|HC|  |TAMS 0x0000000744800000, 0x0000000744800000| Untracked 
|  73|0x0000000744900000, 0x0000000744a00000, 0x0000000744a00000|100%|HC|  |TAMS 0x0000000744900000, 0x0000000744900000| Untracked 
|  74|0x0000000744a00000, 0x0000000744b00000, 0x0000000744b00000|100%|HC|  |TAMS 0x0000000744a00000, 0x0000000744a00000| Untracked 
|  75|0x0000000744b00000, 0x0000000744c00000, 0x0000000744c00000|100%|HC|  |TAMS 0x0000000744b00000, 0x0000000744b00000| Untracked 
|  76|0x0000000744c00000, 0x0000000744ca4c68, 0x0000000744d00000| 64%| O|  |TAMS 0x0000000744c00000, 0x0000000744c00000| Untracked 
|  77|0x0000000744d00000, 0x0000000744e00000, 0x0000000744e00000|100%|HS|  |TAMS 0x0000000744d00000, 0x0000000744d00000| Complete 
|  78|0x0000000744e00000, 0x0000000744e01680, 0x0000000744f00000|  0%| O|  |TAMS 0x0000000744e00000, 0x0000000744e00000| Untracked 
|  79|0x0000000744f00000, 0x0000000745000000, 0x0000000745000000|100%|HS|  |TAMS 0x0000000744f00000, 0x0000000744f00000| Complete 
|  80|0x0000000745000000, 0x0000000745100000, 0x0000000745100000|100%|HC|  |TAMS 0x0000000745000000, 0x0000000745000000| Complete 
|  81|0x0000000745100000, 0x0000000745200000, 0x0000000745200000|100%|HS|  |TAMS 0x0000000745100000, 0x0000000745100000| Complete 
|  82|0x0000000745200000, 0x0000000745300000, 0x0000000745300000|100%|HS|  |TAMS 0x0000000745200000, 0x0000000745200000| Untracked 
|  83|0x0000000745300000, 0x0000000745400000, 0x0000000745400000|100%|HC|  |TAMS 0x0000000745300000, 0x0000000745300000| Untracked 
|  84|0x0000000745400000, 0x0000000745500000, 0x0000000745500000|100%|HS|  |TAMS 0x0000000745400000, 0x0000000745400000| Complete 
|  85|0x0000000745500000, 0x0000000745600000, 0x0000000745600000|100%|HC|  |TAMS 0x0000000745500000, 0x0000000745500000| Complete 
|  86|0x0000000745600000, 0x0000000745700000, 0x0000000745700000|100%|HC|  |TAMS 0x0000000745600000, 0x0000000745600000| Complete 
|  87|0x0000000745700000, 0x0000000745800000, 0x0000000745800000|100%|HS|  |TAMS 0x0000000745700000, 0x0000000745700000| Complete 
|  88|0x0000000745800000, 0x0000000745800000, 0x0000000745900000|  0%| F|  |TAMS 0x0000000745800000, 0x0000000745800000| Untracked 
|  89|0x0000000745900000, 0x0000000745900000, 0x0000000745a00000|  0%| F|  |TAMS 0x0000000745900000, 0x0000000745900000| Untracked 
|  90|0x0000000745a00000, 0x0000000745a00000, 0x0000000745b00000|  0%| F|  |TAMS 0x0000000745a00000, 0x0000000745a00000| Untracked 
|  91|0x0000000745b00000, 0x0000000745b00000, 0x0000000745c00000|  0%| F|  |TAMS 0x0000000745b00000, 0x0000000745b00000| Untracked 
|  92|0x0000000745c00000, 0x0000000745c00000, 0x0000000745d00000|  0%| F|  |TAMS 0x0000000745c00000, 0x0000000745c00000| Untracked 
|  93|0x0000000745d00000, 0x0000000745d00000, 0x0000000745e00000|  0%| F|  |TAMS 0x0000000745d00000, 0x0000000745d00000| Untracked 
|  94|0x0000000745e00000, 0x0000000745e00000, 0x0000000745f00000|  0%| F|  |TAMS 0x0000000745e00000, 0x0000000745e00000| Untracked 
|  95|0x0000000745f00000, 0x0000000745f00000, 0x0000000746000000|  0%| F|  |TAMS 0x0000000745f00000, 0x0000000745f00000| Untracked 
|  96|0x0000000746000000, 0x0000000746000000, 0x0000000746100000|  0%| F|  |TAMS 0x0000000746000000, 0x0000000746000000| Untracked 
|  97|0x0000000746100000, 0x0000000746100000, 0x0000000746200000|  0%| F|  |TAMS 0x0000000746100000, 0x0000000746100000| Untracked 
|  98|0x0000000746200000, 0x0000000746200000, 0x0000000746300000|  0%| F|  |TAMS 0x0000000746200000, 0x0000000746200000| Untracked 
|  99|0x0000000746300000, 0x0000000746300000, 0x0000000746400000|  0%| F|  |TAMS 0x0000000746300000, 0x0000000746300000| Untracked 
| 100|0x0000000746400000, 0x0000000746400000, 0x0000000746500000|  0%| F|  |TAMS 0x0000000746400000, 0x0000000746400000| Untracked 
| 101|0x0000000746500000, 0x0000000746500000, 0x0000000746600000|  0%| F|  |TAMS 0x0000000746500000, 0x0000000746500000| Untracked 
| 102|0x0000000746600000, 0x0000000746600000, 0x0000000746700000|  0%| F|  |TAMS 0x0000000746600000, 0x0000000746600000| Untracked 
| 103|0x0000000746700000, 0x0000000746700000, 0x0000000746800000|  0%| F|  |TAMS 0x0000000746700000, 0x0000000746700000| Untracked 
| 104|0x0000000746800000, 0x0000000746800000, 0x0000000746900000|  0%| F|  |TAMS 0x0000000746800000, 0x0000000746800000| Untracked 
| 105|0x0000000746900000, 0x0000000746900000, 0x0000000746a00000|  0%| F|  |TAMS 0x0000000746900000, 0x0000000746900000| Untracked 
| 106|0x0000000746a00000, 0x0000000746a00000, 0x0000000746b00000|  0%| F|  |TAMS 0x0000000746a00000, 0x0000000746a00000| Untracked 
| 107|0x0000000746b00000, 0x0000000746b00000, 0x0000000746c00000|  0%| F|  |TAMS 0x0000000746b00000, 0x0000000746b00000| Untracked 
| 108|0x0000000746c00000, 0x0000000746c00000, 0x0000000746d00000|  0%| F|  |TAMS 0x0000000746c00000, 0x0000000746c00000| Untracked 
| 109|0x0000000746d00000, 0x0000000746d00000, 0x0000000746e00000|  0%| F|  |TAMS 0x0000000746d00000, 0x0000000746d00000| Untracked 
| 110|0x0000000746e00000, 0x0000000746e00000, 0x0000000746f00000|  0%| F|  |TAMS 0x0000000746e00000, 0x0000000746e00000| Untracked 
| 111|0x0000000746f00000, 0x0000000746f00000, 0x0000000747000000|  0%| F|  |TAMS 0x0000000746f00000, 0x0000000746f00000| Untracked 
| 112|0x0000000747000000, 0x0000000747000000, 0x0000000747100000|  0%| F|  |TAMS 0x0000000747000000, 0x0000000747000000| Untracked 
| 113|0x0000000747100000, 0x0000000747100000, 0x0000000747200000|  0%| F|  |TAMS 0x0000000747100000, 0x0000000747100000| Untracked 
| 114|0x0000000747200000, 0x0000000747200000, 0x0000000747300000|  0%| F|  |TAMS 0x0000000747200000, 0x0000000747200000| Untracked 
| 115|0x0000000747300000, 0x0000000747300000, 0x0000000747400000|  0%| F|  |TAMS 0x0000000747300000, 0x0000000747300000| Untracked 
| 116|0x0000000747400000, 0x0000000747400000, 0x0000000747500000|  0%| F|  |TAMS 0x0000000747400000, 0x0000000747400000| Untracked 
| 117|0x0000000747500000, 0x0000000747500000, 0x0000000747600000|  0%| F|  |TAMS 0x0000000747500000, 0x0000000747500000| Untracked 
| 118|0x0000000747600000, 0x0000000747600000, 0x0000000747700000|  0%| F|  |TAMS 0x0000000747600000, 0x0000000747600000| Untracked 
| 119|0x0000000747700000, 0x0000000747700000, 0x0000000747800000|  0%| F|  |TAMS 0x0000000747700000, 0x0000000747700000| Untracked 
| 120|0x0000000747800000, 0x0000000747800000, 0x0000000747900000|  0%| F|  |TAMS 0x0000000747800000, 0x0000000747800000| Untracked 
| 121|0x0000000747900000, 0x0000000747900000, 0x0000000747a00000|  0%| F|  |TAMS 0x0000000747900000, 0x0000000747900000| Untracked 
| 122|0x0000000747a00000, 0x0000000747a00000, 0x0000000747b00000|  0%| F|  |TAMS 0x0000000747a00000, 0x0000000747a00000| Untracked 
| 123|0x0000000747b00000, 0x0000000747b00000, 0x0000000747c00000|  0%| F|  |TAMS 0x0000000747b00000, 0x0000000747b00000| Untracked 
| 124|0x0000000747c00000, 0x0000000747c00000, 0x0000000747d00000|  0%| F|  |TAMS 0x0000000747c00000, 0x0000000747c00000| Untracked 
| 125|0x0000000747d00000, 0x0000000747d00000, 0x0000000747e00000|  0%| F|  |TAMS 0x0000000747d00000, 0x0000000747d00000| Untracked 
| 126|0x0000000747e00000, 0x0000000747e00000, 0x0000000747f00000|  0%| F|  |TAMS 0x0000000747e00000, 0x0000000747e00000| Untracked 
| 127|0x0000000747f00000, 0x0000000747f00000, 0x0000000748000000|  0%| F|  |TAMS 0x0000000747f00000, 0x0000000747f00000| Untracked 
| 128|0x0000000748000000, 0x0000000748000000, 0x0000000748100000|  0%| F|  |TAMS 0x0000000748000000, 0x0000000748000000| Untracked 
| 129|0x0000000748100000, 0x0000000748100000, 0x0000000748200000|  0%| F|  |TAMS 0x0000000748100000, 0x0000000748100000| Untracked 
| 130|0x0000000748200000, 0x0000000748200000, 0x0000000748300000|  0%| F|  |TAMS 0x0000000748200000, 0x0000000748200000| Untracked 
| 131|0x0000000748300000, 0x0000000748300000, 0x0000000748400000|  0%| F|  |TAMS 0x0000000748300000, 0x0000000748300000| Untracked 
| 132|0x0000000748400000, 0x0000000748400000, 0x0000000748500000|  0%| F|  |TAMS 0x0000000748400000, 0x0000000748400000| Untracked 
| 133|0x0000000748500000, 0x0000000748500000, 0x0000000748600000|  0%| F|  |TAMS 0x0000000748500000, 0x0000000748500000| Untracked 
| 134|0x0000000748600000, 0x0000000748600000, 0x0000000748700000|  0%| F|  |TAMS 0x0000000748600000, 0x0000000748600000| Untracked 
| 135|0x0000000748700000, 0x0000000748700000, 0x0000000748800000|  0%| F|  |TAMS 0x0000000748700000, 0x0000000748700000| Untracked 
| 136|0x0000000748800000, 0x0000000748800000, 0x0000000748900000|  0%| F|  |TAMS 0x0000000748800000, 0x0000000748800000| Untracked 
| 137|0x0000000748900000, 0x0000000748900000, 0x0000000748a00000|  0%| F|  |TAMS 0x0000000748900000, 0x0000000748900000| Untracked 
| 138|0x0000000748a00000, 0x0000000748a00000, 0x0000000748b00000|  0%| F|  |TAMS 0x0000000748a00000, 0x0000000748a00000| Untracked 
| 139|0x0000000748b00000, 0x0000000748b00000, 0x0000000748c00000|  0%| F|  |TAMS 0x0000000748b00000, 0x0000000748b00000| Untracked 
| 140|0x0000000748c00000, 0x0000000748c00000, 0x0000000748d00000|  0%| F|  |TAMS 0x0000000748c00000, 0x0000000748c00000| Untracked 
| 141|0x0000000748d00000, 0x0000000748d00000, 0x0000000748e00000|  0%| F|  |TAMS 0x0000000748d00000, 0x0000000748d00000| Untracked 
| 142|0x0000000748e00000, 0x0000000748e00000, 0x0000000748f00000|  0%| F|  |TAMS 0x0000000748e00000, 0x0000000748e00000| Untracked 
| 143|0x0000000748f00000, 0x0000000748f00000, 0x0000000749000000|  0%| F|  |TAMS 0x0000000748f00000, 0x0000000748f00000| Untracked 
| 144|0x0000000749000000, 0x0000000749000000, 0x0000000749100000|  0%| F|  |TAMS 0x0000000749000000, 0x0000000749000000| Untracked 
| 145|0x0000000749100000, 0x0000000749100000, 0x0000000749200000|  0%| F|  |TAMS 0x0000000749100000, 0x0000000749100000| Untracked 
| 146|0x0000000749200000, 0x0000000749200000, 0x0000000749300000|  0%| F|  |TAMS 0x0000000749200000, 0x0000000749200000| Untracked 
| 147|0x0000000749300000, 0x0000000749300000, 0x0000000749400000|  0%| F|  |TAMS 0x0000000749300000, 0x0000000749300000| Untracked 
| 148|0x0000000749400000, 0x0000000749400000, 0x0000000749500000|  0%| F|  |TAMS 0x0000000749400000, 0x0000000749400000| Untracked 
| 149|0x0000000749500000, 0x0000000749500000, 0x0000000749600000|  0%| F|  |TAMS 0x0000000749500000, 0x0000000749500000| Untracked 
| 150|0x0000000749600000, 0x0000000749600000, 0x0000000749700000|  0%| F|  |TAMS 0x0000000749600000, 0x0000000749600000| Untracked 
| 151|0x0000000749700000, 0x0000000749700000, 0x0000000749800000|  0%| F|  |TAMS 0x0000000749700000, 0x0000000749700000| Untracked 
| 152|0x0000000749800000, 0x0000000749800000, 0x0000000749900000|  0%| F|  |TAMS 0x0000000749800000, 0x0000000749800000| Untracked 
| 153|0x0000000749900000, 0x0000000749900000, 0x0000000749a00000|  0%| F|  |TAMS 0x0000000749900000, 0x0000000749900000| Untracked 
| 154|0x0000000749a00000, 0x0000000749a00000, 0x0000000749b00000|  0%| F|  |TAMS 0x0000000749a00000, 0x0000000749a00000| Untracked 
| 155|0x0000000749b00000, 0x0000000749b00000, 0x0000000749c00000|  0%| F|  |TAMS 0x0000000749b00000, 0x0000000749b00000| Untracked 
| 156|0x0000000749c00000, 0x0000000749c00000, 0x0000000749d00000|  0%| F|  |TAMS 0x0000000749c00000, 0x0000000749c00000| Untracked 
| 157|0x0000000749d00000, 0x0000000749d00000, 0x0000000749e00000|  0%| F|  |TAMS 0x0000000749d00000, 0x0000000749d00000| Untracked 
| 158|0x0000000749e00000, 0x0000000749e00000, 0x0000000749f00000|  0%| F|  |TAMS 0x0000000749e00000, 0x0000000749e00000| Untracked 
| 159|0x0000000749f00000, 0x0000000749f00000, 0x000000074a000000|  0%| F|  |TAMS 0x0000000749f00000, 0x0000000749f00000| Untracked 
| 160|0x000000074a000000, 0x000000074a000000, 0x000000074a100000|  0%| F|  |TAMS 0x000000074a000000, 0x000000074a000000| Untracked 
| 161|0x000000074a100000, 0x000000074a100000, 0x000000074a200000|  0%| F|  |TAMS 0x000000074a100000, 0x000000074a100000| Untracked 
| 162|0x000000074a200000, 0x000000074a200000, 0x000000074a300000|  0%| F|  |TAMS 0x000000074a200000, 0x000000074a200000| Untracked 
| 163|0x000000074a300000, 0x000000074a300000, 0x000000074a400000|  0%| F|  |TAMS 0x000000074a300000, 0x000000074a300000| Untracked 
| 164|0x000000074a400000, 0x000000074a400000, 0x000000074a500000|  0%| F|  |TAMS 0x000000074a400000, 0x000000074a400000| Untracked 
| 165|0x000000074a500000, 0x000000074a500000, 0x000000074a600000|  0%| F|  |TAMS 0x000000074a500000, 0x000000074a500000| Untracked 
| 166|0x000000074a600000, 0x000000074a600000, 0x000000074a700000|  0%| F|  |TAMS 0x000000074a600000, 0x000000074a600000| Untracked 
| 167|0x000000074a700000, 0x000000074a700000, 0x000000074a800000|  0%| F|  |TAMS 0x000000074a700000, 0x000000074a700000| Untracked 
| 168|0x000000074a800000, 0x000000074a800000, 0x000000074a900000|  0%| F|  |TAMS 0x000000074a800000, 0x000000074a800000| Untracked 
| 169|0x000000074a900000, 0x000000074a900000, 0x000000074aa00000|  0%| F|  |TAMS 0x000000074a900000, 0x000000074a900000| Untracked 
| 170|0x000000074aa00000, 0x000000074aa00000, 0x000000074ab00000|  0%| F|  |TAMS 0x000000074aa00000, 0x000000074aa00000| Untracked 
| 171|0x000000074ab00000, 0x000000074ab00000, 0x000000074ac00000|  0%| F|  |TAMS 0x000000074ab00000, 0x000000074ab00000| Untracked 
| 172|0x000000074ac00000, 0x000000074ac00000, 0x000000074ad00000|  0%| F|  |TAMS 0x000000074ac00000, 0x000000074ac00000| Untracked 
| 173|0x000000074ad00000, 0x000000074ad00000, 0x000000074ae00000|  0%| F|  |TAMS 0x000000074ad00000, 0x000000074ad00000| Untracked 
| 174|0x000000074ae00000, 0x000000074ae00000, 0x000000074af00000|  0%| F|  |TAMS 0x000000074ae00000, 0x000000074ae00000| Untracked 
| 175|0x000000074af00000, 0x000000074af00000, 0x000000074b000000|  0%| F|  |TAMS 0x000000074af00000, 0x000000074af00000| Untracked 
| 176|0x000000074b000000, 0x000000074b000000, 0x000000074b100000|  0%| F|  |TAMS 0x000000074b000000, 0x000000074b000000| Untracked 
| 177|0x000000074b100000, 0x000000074b100000, 0x000000074b200000|  0%| F|  |TAMS 0x000000074b100000, 0x000000074b100000| Untracked 
| 178|0x000000074b200000, 0x000000074b200000, 0x000000074b300000|  0%| F|  |TAMS 0x000000074b200000, 0x000000074b200000| Untracked 
| 179|0x000000074b300000, 0x000000074b300000, 0x000000074b400000|  0%| F|  |TAMS 0x000000074b300000, 0x000000074b300000| Untracked 
| 180|0x000000074b400000, 0x000000074b400000, 0x000000074b500000|  0%| F|  |TAMS 0x000000074b400000, 0x000000074b400000| Untracked 
| 181|0x000000074b500000, 0x000000074b500000, 0x000000074b600000|  0%| F|  |TAMS 0x000000074b500000, 0x000000074b500000| Untracked 
| 182|0x000000074b600000, 0x000000074b600000, 0x000000074b700000|  0%| F|  |TAMS 0x000000074b600000, 0x000000074b600000| Untracked 
| 183|0x000000074b700000, 0x000000074b700000, 0x000000074b800000|  0%| F|  |TAMS 0x000000074b700000, 0x000000074b700000| Untracked 
| 184|0x000000074b800000, 0x000000074b800000, 0x000000074b900000|  0%| F|  |TAMS 0x000000074b800000, 0x000000074b800000| Untracked 
| 185|0x000000074b900000, 0x000000074b900000, 0x000000074ba00000|  0%| F|  |TAMS 0x000000074b900000, 0x000000074b900000| Untracked 
| 186|0x000000074ba00000, 0x000000074ba00000, 0x000000074bb00000|  0%| F|  |TAMS 0x000000074ba00000, 0x000000074ba00000| Untracked 
| 187|0x000000074bb00000, 0x000000074bb00000, 0x000000074bc00000|  0%| F|  |TAMS 0x000000074bb00000, 0x000000074bb00000| Untracked 
| 188|0x000000074bc00000, 0x000000074bc00000, 0x000000074bd00000|  0%| F|  |TAMS 0x000000074bc00000, 0x000000074bc00000| Untracked 
| 189|0x000000074bd00000, 0x000000074bd00000, 0x000000074be00000|  0%| F|  |TAMS 0x000000074bd00000, 0x000000074bd00000| Untracked 
| 190|0x000000074be00000, 0x000000074be00000, 0x000000074bf00000|  0%| F|  |TAMS 0x000000074be00000, 0x000000074be00000| Untracked 
| 191|0x000000074bf00000, 0x000000074bf00000, 0x000000074c000000|  0%| F|  |TAMS 0x000000074bf00000, 0x000000074bf00000| Untracked 
| 192|0x000000074c000000, 0x000000074c000000, 0x000000074c100000|  0%| F|  |TAMS 0x000000074c000000, 0x000000074c000000| Untracked 
| 193|0x000000074c100000, 0x000000074c100000, 0x000000074c200000|  0%| F|  |TAMS 0x000000074c100000, 0x000000074c100000| Untracked 
| 194|0x000000074c200000, 0x000000074c200000, 0x000000074c300000|  0%| F|  |TAMS 0x000000074c200000, 0x000000074c200000| Untracked 
| 195|0x000000074c300000, 0x000000074c300000, 0x000000074c400000|  0%| F|  |TAMS 0x000000074c300000, 0x000000074c300000| Untracked 
| 196|0x000000074c400000, 0x000000074c400000, 0x000000074c500000|  0%| F|  |TAMS 0x000000074c400000, 0x000000074c400000| Untracked 
| 197|0x000000074c500000, 0x000000074c500000, 0x000000074c600000|  0%| F|  |TAMS 0x000000074c500000, 0x000000074c500000| Untracked 
| 198|0x000000074c600000, 0x000000074c600000, 0x000000074c700000|  0%| F|  |TAMS 0x000000074c600000, 0x000000074c600000| Untracked 
| 199|0x000000074c700000, 0x000000074c700000, 0x000000074c800000|  0%| F|  |TAMS 0x000000074c700000, 0x000000074c700000| Untracked 
| 200|0x000000074c800000, 0x000000074c800000, 0x000000074c900000|  0%| F|  |TAMS 0x000000074c800000, 0x000000074c800000| Untracked 
| 201|0x000000074c900000, 0x000000074c900000, 0x000000074ca00000|  0%| F|  |TAMS 0x000000074c900000, 0x000000074c900000| Untracked 
| 202|0x000000074ca00000, 0x000000074ca00000, 0x000000074cb00000|  0%| F|  |TAMS 0x000000074ca00000, 0x000000074ca00000| Untracked 
| 203|0x000000074cb00000, 0x000000074cb00000, 0x000000074cc00000|  0%| F|  |TAMS 0x000000074cb00000, 0x000000074cb00000| Untracked 
| 204|0x000000074cc00000, 0x000000074cc00000, 0x000000074cd00000|  0%| F|  |TAMS 0x000000074cc00000, 0x000000074cc00000| Untracked 
| 205|0x000000074cd00000, 0x000000074cd00000, 0x000000074ce00000|  0%| F|  |TAMS 0x000000074cd00000, 0x000000074cd00000| Untracked 
| 206|0x000000074ce00000, 0x000000074ce00000, 0x000000074cf00000|  0%| F|  |TAMS 0x000000074ce00000, 0x000000074ce00000| Untracked 
| 207|0x000000074cf00000, 0x000000074cf00000, 0x000000074d000000|  0%| F|  |TAMS 0x000000074cf00000, 0x000000074cf00000| Untracked 
| 208|0x000000074d000000, 0x000000074d000000, 0x000000074d100000|  0%| F|  |TAMS 0x000000074d000000, 0x000000074d000000| Untracked 
| 209|0x000000074d100000, 0x000000074d100000, 0x000000074d200000|  0%| F|  |TAMS 0x000000074d100000, 0x000000074d100000| Untracked 
| 210|0x000000074d200000, 0x000000074d200000, 0x000000074d300000|  0%| F|  |TAMS 0x000000074d200000, 0x000000074d200000| Untracked 
| 211|0x000000074d300000, 0x000000074d300000, 0x000000074d400000|  0%| F|  |TAMS 0x000000074d300000, 0x000000074d300000| Untracked 
| 212|0x000000074d400000, 0x000000074d400000, 0x000000074d500000|  0%| F|  |TAMS 0x000000074d400000, 0x000000074d400000| Untracked 
| 213|0x000000074d500000, 0x000000074d500000, 0x000000074d600000|  0%| F|  |TAMS 0x000000074d500000, 0x000000074d500000| Untracked 
| 214|0x000000074d600000, 0x000000074d600000, 0x000000074d700000|  0%| F|  |TAMS 0x000000074d600000, 0x000000074d600000| Untracked 
| 215|0x000000074d700000, 0x000000074d700000, 0x000000074d800000|  0%| F|  |TAMS 0x000000074d700000, 0x000000074d700000| Untracked 
| 216|0x000000074d800000, 0x000000074d800000, 0x000000074d900000|  0%| F|  |TAMS 0x000000074d800000, 0x000000074d800000| Untracked 
| 217|0x000000074d900000, 0x000000074d900000, 0x000000074da00000|  0%| F|  |TAMS 0x000000074d900000, 0x000000074d900000| Untracked 
| 218|0x000000074da00000, 0x000000074da00000, 0x000000074db00000|  0%| F|  |TAMS 0x000000074da00000, 0x000000074da00000| Untracked 
| 219|0x000000074db00000, 0x000000074db00000, 0x000000074dc00000|  0%| F|  |TAMS 0x000000074db00000, 0x000000074db00000| Untracked 
| 220|0x000000074dc00000, 0x000000074dc00000, 0x000000074dd00000|  0%| F|  |TAMS 0x000000074dc00000, 0x000000074dc00000| Untracked 
| 221|0x000000074dd00000, 0x000000074dd00000, 0x000000074de00000|  0%| F|  |TAMS 0x000000074dd00000, 0x000000074dd00000| Untracked 
| 222|0x000000074de00000, 0x000000074de00000, 0x000000074df00000|  0%| F|  |TAMS 0x000000074de00000, 0x000000074de00000| Untracked 
| 223|0x000000074df00000, 0x000000074df00000, 0x000000074e000000|  0%| F|  |TAMS 0x000000074df00000, 0x000000074df00000| Untracked 
| 224|0x000000074e000000, 0x000000074e00bc28, 0x000000074e100000|  4%| O|  |TAMS 0x000000074e000000, 0x000000074e000000| Untracked 
| 225|0x000000074e100000, 0x000000074e100000, 0x000000074e200000|  0%| F|  |TAMS 0x000000074e100000, 0x000000074e100000| Untracked 
| 226|0x000000074e200000, 0x000000074e200000, 0x000000074e300000|  0%| F|  |TAMS 0x000000074e200000, 0x000000074e200000| Untracked 
| 227|0x000000074e300000, 0x000000074e300000, 0x000000074e400000|  0%| F|  |TAMS 0x000000074e300000, 0x000000074e300000| Untracked 
| 228|0x000000074e400000, 0x000000074e400000, 0x000000074e500000|  0%| F|  |TAMS 0x000000074e400000, 0x000000074e400000| Untracked 
| 229|0x000000074e500000, 0x000000074e500000, 0x000000074e600000|  0%| F|  |TAMS 0x000000074e500000, 0x000000074e500000| Untracked 
| 230|0x000000074e600000, 0x000000074e600000, 0x000000074e700000|  0%| F|  |TAMS 0x000000074e600000, 0x000000074e600000| Untracked 
| 231|0x000000074e700000, 0x000000074e700000, 0x000000074e800000|  0%| F|  |TAMS 0x000000074e700000, 0x000000074e700000| Untracked 
| 232|0x000000074e800000, 0x000000074e800000, 0x000000074e900000|  0%| F|  |TAMS 0x000000074e800000, 0x000000074e800000| Untracked 
| 233|0x000000074e900000, 0x000000074e900000, 0x000000074ea00000|  0%| F|  |TAMS 0x000000074e900000, 0x000000074e900000| Untracked 
| 234|0x000000074ea00000, 0x000000074ea00000, 0x000000074eb00000|  0%| F|  |TAMS 0x000000074ea00000, 0x000000074ea00000| Untracked 
| 235|0x000000074eb00000, 0x000000074eb00000, 0x000000074ec00000|  0%| F|  |TAMS 0x000000074eb00000, 0x000000074eb00000| Untracked 
| 236|0x000000074ec00000, 0x000000074ec00000, 0x000000074ed00000|  0%| F|  |TAMS 0x000000074ec00000, 0x000000074ec00000| Untracked 
| 237|0x000000074ed00000, 0x000000074ed78040, 0x000000074ee00000| 46%| S|CS|TAMS 0x000000074ed00000, 0x000000074ed00000| Complete 
| 238|0x000000074ee00000, 0x000000074ee00000, 0x000000074ef00000|  0%| F|  |TAMS 0x000000074ee00000, 0x000000074ee00000| Untracked 
| 239|0x000000074ef00000, 0x000000074ef00000, 0x000000074f000000|  0%| F|  |TAMS 0x000000074ef00000, 0x000000074ef00000| Untracked 
| 240|0x000000074f000000, 0x000000074f000000, 0x000000074f100000|  0%| F|  |TAMS 0x000000074f000000, 0x000000074f000000| Untracked 
| 241|0x000000074f100000, 0x000000074f100000, 0x000000074f200000|  0%| F|  |TAMS 0x000000074f100000, 0x000000074f100000| Untracked 
| 242|0x000000074f200000, 0x000000074f200000, 0x000000074f300000|  0%| F|  |TAMS 0x000000074f200000, 0x000000074f200000| Untracked 
| 243|0x000000074f300000, 0x000000074f300000, 0x000000074f400000|  0%| F|  |TAMS 0x000000074f300000, 0x000000074f300000| Untracked 
| 244|0x000000074f400000, 0x000000074f400000, 0x000000074f500000|  0%| F|  |TAMS 0x000000074f400000, 0x000000074f400000| Untracked 
| 245|0x000000074f500000, 0x000000074f537868, 0x000000074f600000| 21%| E|  |TAMS 0x000000074f500000, 0x000000074f500000| Complete 
| 246|0x000000074f600000, 0x000000074f700000, 0x000000074f700000|100%| E|CS|TAMS 0x000000074f600000, 0x000000074f600000| Complete 
| 247|0x000000074f700000, 0x000000074f800000, 0x000000074f800000|100%| E|CS|TAMS 0x000000074f700000, 0x000000074f700000| Complete 
| 248|0x000000074f800000, 0x000000074f900000, 0x000000074f900000|100%| E|CS|TAMS 0x000000074f800000, 0x000000074f800000| Complete 
| 249|0x000000074f900000, 0x000000074fa00000, 0x000000074fa00000|100%| E|CS|TAMS 0x000000074f900000, 0x000000074f900000| Complete 
| 250|0x000000074fa00000, 0x000000074fb00000, 0x000000074fb00000|100%| E|CS|TAMS 0x000000074fa00000, 0x000000074fa00000| Complete 
| 251|0x000000074fb00000, 0x000000074fc00000, 0x000000074fc00000|100%| E|CS|TAMS 0x000000074fb00000, 0x000000074fb00000| Complete 
| 252|0x000000074fc00000, 0x000000074fd00000, 0x000000074fd00000|100%| E|CS|TAMS 0x000000074fc00000, 0x000000074fc00000| Complete 
| 253|0x000000074fd00000, 0x000000074fe00000, 0x000000074fe00000|100%| E|CS|TAMS 0x000000074fd00000, 0x000000074fd00000| Complete 
| 254|0x000000074fe00000, 0x000000074fe01c40, 0x000000074ff00000|  0%| O|  |TAMS 0x000000074fe00000, 0x000000074fe00000| Untracked 
| 255|0x000000074ff00000, 0x0000000750000000, 0x0000000750000000|100%| E|CS|TAMS 0x000000074ff00000, 0x000000074ff00000| Complete 

Card table byte_map: [0x0000026bf78d0000,0x0000026bf7ed0000] _byte_map_base: 0x0000026bf3ed0000

Marking Bits (Prev, Next): (CMBitMap*) 0x0000026bfbf39540, (CMBitMap*) 0x0000026bfbf39508
 Prev Bits: [0x0000026b97630000, 0x0000026b9a630000)
 Next Bits: [0x0000026bfc330000, 0x0000026bff330000)

Polling page: 0x0000026bf21b0000

Metaspace:

Usage:
  Non-class:     80.69 MB capacity,    79.38 MB ( 98%) used,  1015.23 KB (  1%) free+waste,   325.81 KB ( <1%) overhead. 
      Class:     13.05 MB capacity,    11.99 MB ( 92%) used,   927.94 KB (  7%) free+waste,   155.69 KB (  1%) overhead. 
       Both:     93.74 MB capacity,    91.37 MB ( 97%) used,     1.90 MB (  2%) free+waste,   481.50 KB ( <1%) overhead. 

Virtual space:
  Non-class space:       82.00 MB reserved,      80.92 MB ( 99%) committed 
      Class space:        1.00 GB reserved,      13.13 MB (  1%) committed 
             Both:        1.08 GB reserved,      94.05 MB (  9%) committed 

Chunk freelists:
   Non-Class:  47.00 KB
       Class:  11.00 KB
        Both:  58.00 KB

MaxMetaspaceSize: 17179869184.00 GB
CompressedClassSpaceSize: 1.00 GB

CodeHeap 'non-profiled nmethods': size=120000Kb used=23136Kb max_used=23136Kb free=96863Kb
 bounds [0x0000026b90100000, 0x0000026b917a0000, 0x0000026b97630000]
CodeHeap 'profiled nmethods': size=120000Kb used=44116Kb max_used=44651Kb free=75883Kb
 bounds [0x0000026b88bd0000, 0x0000026b8b7f0000, 0x0000026b90100000]
CodeHeap 'non-nmethods': size=5760Kb used=1628Kb max_used=1694Kb free=4131Kb
 bounds [0x0000026b88630000, 0x0000026b888a0000, 0x0000026b88bd0000]
 total_blobs=19053 nmethods=17870 adapters=1086
 compilation: enabled
              stopped_count=0, restarted_count=0
 full_count=0

Compilation events (20 events):
Event: 2758.435 Thread 0x0000026bfc18f800 22118       3       org.jdesktop.swingx.plaf.basic.BasicTitledPanelUI::paint (7 bytes)
Event: 2758.435 Thread 0x0000026bfc18f800 nmethod 22118 0x0000026b8a5f5d90 code [0x0000026b8a5f5f40, 0x0000026b8a5f6098]
Event: 2758.436 Thread 0x0000026bfc18f800 22119       3       org.jdesktop.swingx.SwingXUtilities::paintBackground (139 bytes)
Event: 2758.437 Thread 0x0000026bfc18a000 22122       4       javax.swing.JMenuItem::initFocusability (6 bytes)
Event: 2758.438 Thread 0x0000026bfc18f800 nmethod 22119 0x0000026b8a76b990 code [0x0000026b8a76bc40, 0x0000026b8a76ce08]
Event: 2758.438 Thread 0x0000026bfc18f800 22120   !   3       org.jdesktop.swingx.painter.AbstractPainter::paint (339 bytes)
Event: 2758.439 Thread 0x0000026bfc18f800 nmethod 22120 0x0000026b8a7a7990 code [0x0000026b8a7a7e00, 0x0000026b8a7aa668]
Event: 2758.439 Thread 0x0000026bfc18f800 22121       3       java.awt.geom.RoundRectangle2D$Double::getBounds2D (24 bytes)
Event: 2758.440 Thread 0x0000026bfc18f800 nmethod 22121 0x0000026b8a6f4f90 code [0x0000026b8a6f5160, 0x0000026b8a6f54d8]
Event: 2758.442 Thread 0x0000026bfc18a000 nmethod 22122 0x0000026b91799790 code [0x0000026b917999a0, 0x0000026b9179a148]
Event: 2759.227 Thread 0x0000026bfc18f800 22123       3       ui.views.X.a::kAe (58 bytes)
Event: 2759.227 Thread 0x0000026bfc18f800 nmethod 22123 0x0000026b8a7a6190 code [0x0000026b8a7a6440, 0x0000026b8a7a74d8]
Event: 2759.227 Thread 0x0000026bfc18f800 22124       3       ui.views.c.w.p::aJf (16 bytes)
Event: 2759.228 Thread 0x0000026bfc18f800 nmethod 22124 0x0000026b8a6bbd10 code [0x0000026b8a6bbee0, 0x0000026b8a6bc278]
Event: 2759.290 Thread 0x0000026bfc18f800 22125       3       com.jidesoft.docking.DockingUtils::a (411 bytes)
Event: 2759.292 Thread 0x0000026bfc18f800 nmethod 22125 0x0000026b8a9d4790 code [0x0000026b8a9d4d00, 0x0000026b8a9d9828]
Event: 2759.736 Thread 0x0000026bfc18a000 22126       4       com.jidesoft.list.StyledListCellRenderer::firePropertyChange (1 bytes)
Event: 2759.736 Thread 0x0000026bfc18a000 nmethod 22126 0x0000026b9179a510 code [0x0000026b9179a6a0, 0x0000026b9179a6f8]
Event: 2760.521 Thread 0x0000026bfc18f800 22127       3       javax.swing.JList::getLeadSelectionIndex (10 bytes)
Event: 2760.521 Thread 0x0000026bfc18f800 nmethod 22127 0x0000026b8a6f5f10 code [0x0000026b8a6f60c0, 0x0000026b8a6f6328]

GC Heap History (20 events):
Event: 2708.726 GC heap before
{Heap before GC invocations=128 (full 11):
 garbage-first heap   total 262144K, used 82190K [0x0000000740000000, 0x0000000800000000)
  region size 1024K, 3 young (3072K), 0 survivors (0K)
 Metaspace       used 93041K, capacity 95387K, committed 95664K, reserved 1132544K
  class space    used 12199K, capacity 13251K, committed 13312K, reserved 1048576K
}
Event: 2708.806 GC heap after
{Heap after GC invocations=129 (full 12):
 garbage-first heap   total 262144K, used 80140K [0x0000000740000000, 0x0000000800000000)
  region size 1024K, 0 young (0K), 0 survivors (0K)
 Metaspace       used 93041K, capacity 95387K, committed 95664K, reserved 1132544K
  class space    used 12199K, capacity 13251K, committed 13312K, reserved 1048576K
}
Event: 2710.397 GC heap before
{Heap before GC invocations=129 (full 12):
 garbage-first heap   total 262144K, used 93452K [0x0000000740000000, 0x0000000800000000)
  region size 1024K, 14 young (14336K), 0 survivors (0K)
 Metaspace       used 93058K, capacity 95387K, committed 95664K, reserved 1132544K
  class space    used 12199K, capacity 13251K, committed 13312K, reserved 1048576K
}
Event: 2710.479 GC heap after
{Heap after GC invocations=130 (full 13):
 garbage-first heap   total 262144K, used 80140K [0x0000000740000000, 0x0000000800000000)
  region size 1024K, 0 young (0K), 0 survivors (0K)
 Metaspace       used 93058K, capacity 95387K, committed 95664K, reserved 1132544K
  class space    used 12199K, capacity 13251K, committed 13312K, reserved 1048576K
}
Event: 2710.742 GC heap before
{Heap before GC invocations=130 (full 13):
 garbage-first heap   total 262144K, used 83212K [0x0000000740000000, 0x0000000800000000)
  region size 1024K, 4 young (4096K), 0 survivors (0K)
 Metaspace       used 93058K, capacity 95387K, committed 95664K, reserved 1132544K
  class space    used 12199K, capacity 13251K, committed 13312K, reserved 1048576K
}
Event: 2710.821 GC heap after
{Heap after GC invocations=131 (full 14):
 garbage-first heap   total 262144K, used 80152K [0x0000000740000000, 0x0000000800000000)
  region size 1024K, 0 young (0K), 0 survivors (0K)
 Metaspace       used 93058K, capacity 95387K, committed 95664K, reserved 1132544K
  class space    used 12199K, capacity 13251K, committed 13312K, reserved 1048576K
}
Event: 2715.910 GC heap before
{Heap before GC invocations=131 (full 14):
 garbage-first heap   total 262144K, used 141592K [0x0000000740000000, 0x0000000800000000)
  region size 1024K, 60 young (61440K), 0 survivors (0K)
 Metaspace       used 93075K, capacity 95387K, committed 95664K, reserved 1132544K
  class space    used 12199K, capacity 13251K, committed 13312K, reserved 1048576K
}
Event: 2715.912 GC heap after
{Heap after GC invocations=132 (full 14):
 garbage-first heap   total 262144K, used 80659K [0x0000000740000000, 0x0000000800000000)
  region size 1024K, 1 young (1024K), 1 survivors (1024K)
 Metaspace       used 93075K, capacity 95387K, committed 95664K, reserved 1132544K
  class space    used 12199K, capacity 13251K, committed 13312K, reserved 1048576K
}
Event: 2719.551 GC heap before
{Heap before GC invocations=132 (full 14):
 garbage-first heap   total 262144K, used 124691K [0x0000000740000000, 0x0000000800000000)
  region size 1024K, 45 young (46080K), 1 survivors (1024K)
 Metaspace       used 93112K, capacity 95451K, committed 95664K, reserved 1132544K
  class space    used 12199K, capacity 13251K, committed 13312K, reserved 1048576K
}
Event: 2719.626 GC heap after
{Heap after GC invocations=133 (full 15):
 garbage-first heap   total 262144K, used 80765K [0x0000000740000000, 0x0000000800000000)
  region size 1024K, 0 young (0K), 0 survivors (0K)
 Metaspace       used 93112K, capacity 95451K, committed 95664K, reserved 1132544K
  class space    used 12199K, capacity 13251K, committed 13312K, reserved 1048576K
}
Event: 2738.545 GC heap before
{Heap before GC invocations=133 (full 15):
 garbage-first heap   total 262144K, used 123773K [0x0000000740000000, 0x0000000800000000)
  region size 1024K, 40 young (40960K), 0 survivors (0K)
 Metaspace       used 93147K, capacity 95457K, committed 95664K, reserved 1132544K
  class space    used 12200K, capacity 13253K, committed 13312K, reserved 1048576K
}
Event: 2738.547 GC heap after
{Heap after GC invocations=134 (full 15):
 garbage-first heap   total 262144K, used 84292K [0x0000000740000000, 0x0000000800000000)
  region size 1024K, 1 young (1024K), 1 survivors (1024K)
 Metaspace       used 93147K, capacity 95457K, committed 95664K, reserved 1132544K
  class space    used 12200K, capacity 13253K, committed 13312K, reserved 1048576K
}
Event: 2747.208 GC heap before
{Heap before GC invocations=134 (full 15):
 garbage-first heap   total 262144K, used 110916K [0x0000000740000000, 0x0000000800000000)
  region size 1024K, 25 young (25600K), 1 survivors (1024K)
 Metaspace       used 93445K, capacity 95846K, committed 96048K, reserved 1132544K
  class space    used 12267K, capacity 13364K, committed 13440K, reserved 1048576K
}
Event: 2747.281 GC heap after
{Heap after GC invocations=135 (full 16):
 garbage-first heap   total 262144K, used 79441K [0x0000000740000000, 0x0000000800000000)
  region size 1024K, 0 young (0K), 0 survivors (0K)
 Metaspace       used 93445K, capacity 95846K, committed 96048K, reserved 1132544K
  class space    used 12267K, capacity 13364K, committed 13440K, reserved 1048576K
}
Event: 2749.533 GC heap before
{Heap before GC invocations=135 (full 16):
 garbage-first heap   total 262144K, used 91729K [0x0000000740000000, 0x0000000800000000)
  region size 1024K, 7 young (7168K), 0 survivors (0K)
 Metaspace       used 93466K, capacity 95846K, committed 96048K, reserved 1132544K
  class space    used 12267K, capacity 13364K, committed 13440K, reserved 1048576K
}
Event: 2749.612 GC heap after
{Heap after GC invocations=136 (full 17):
 garbage-first heap   total 262144K, used 80463K [0x0000000740000000, 0x0000000800000000)
  region size 1024K, 0 young (0K), 0 survivors (0K)
 Metaspace       used 93466K, capacity 95846K, committed 96048K, reserved 1132544K
  class space    used 12267K, capacity 13364K, committed 13440K, reserved 1048576K
}
Event: 2754.305 GC heap before
{Heap before GC invocations=136 (full 17):
 garbage-first heap   total 262144K, used 90703K [0x0000000740000000, 0x0000000800000000)
  region size 1024K, 9 young (9216K), 0 survivors (0K)
 Metaspace       used 93511K, capacity 95913K, committed 96048K, reserved 1132544K
  class space    used 12281K, capacity 13365K, committed 13440K, reserved 1048576K
}
Event: 2754.306 GC heap after
{Heap after GC invocations=137 (full 17):
 garbage-first heap   total 262144K, used 82876K [0x0000000740000000, 0x0000000800000000)
  region size 1024K, 1 young (1024K), 1 survivors (1024K)
 Metaspace       used 93511K, capacity 95913K, committed 96048K, reserved 1132544K
  class space    used 12281K, capacity 13365K, committed 13440K, reserved 1048576K
}
Event: 2755.938 GC heap before
{Heap before GC invocations=137 (full 17):
 garbage-first heap   total 262144K, used 103356K [0x0000000740000000, 0x0000000800000000)
  region size 1024K, 17 young (17408K), 1 survivors (1024K)
 Metaspace       used 93530K, capacity 95913K, committed 96048K, reserved 1132544K
  class space    used 12281K, capacity 13365K, committed 13440K, reserved 1048576K
}
Event: 2755.940 GC heap after
{Heap after GC invocations=138 (full 17):
 garbage-first heap   total 262144K, used 88111K [0x0000000740000000, 0x0000000800000000)
  region size 1024K, 1 young (1024K), 1 survivors (1024K)
 Metaspace       used 93530K, capacity 95913K, committed 96048K, reserved 1132544K
  class space    used 12281K, capacity 13365K, committed 13440K, reserved 1048576K
}

Deoptimization events (20 events):
Event: 2749.485 Thread 0x0000026bfc1e0800 DEOPT PACKING pc=0x0000026b9169c6bc sp=0x0000009ddbbfb5c0
Event: 2749.485 Thread 0x0000026bfc1e0800 DEOPT UNPACKING pc=0x0000026b886568af sp=0x0000009ddbbfb590 mode 2
Event: 2749.486 Thread 0x0000026bfc1e0800 Uncommon trap: trap_request=0xffffff4d fr.pc=0x0000026b912f9630 relative=0x00000000000002b0
Event: 2749.486 Thread 0x0000026bfc1e0800 Uncommon trap: reason=unstable_if action=reinterpret pc=0x0000026b912f9630 method=sun.awt.im.InputContext.getComponentWindow(Ljava/awt/Component;)Ljava/awt/Window; @ 1 c2
Event: 2749.486 Thread 0x0000026bfc1e0800 DEOPT PACKING pc=0x0000026b912f9630 sp=0x0000009ddbbfb510
Event: 2749.486 Thread 0x0000026bfc1e0800 DEOPT UNPACKING pc=0x0000026b886568af sp=0x0000009ddbbfb418 mode 2
Event: 2755.859 Thread 0x0000026bfc1e0800 DEOPT PACKING pc=0x0000026b8a6342f4 sp=0x0000009ddbbf98d0
Event: 2755.859 Thread 0x0000026bfc1e0800 DEOPT UNPACKING pc=0x0000026b8865705e sp=0x0000009ddbbf8d88 mode 0
Event: 2755.921 Thread 0x0000026bfc1e0800 Uncommon trap: trap_request=0xffffff4d fr.pc=0x0000026b90c2d704 relative=0x0000000000001d44
Event: 2755.922 Thread 0x0000026bfc1e0800 Uncommon trap: reason=unstable_if action=reinterpret pc=0x0000026b90c2d704 method=java.awt.ColorPaintContext.getRaster(IIII)Ljava/awt/image/Raster; @ 17 c2
Event: 2755.922 Thread 0x0000026bfc1e0800 DEOPT PACKING pc=0x0000026b90c2d704 sp=0x0000009ddbbfa3f0
Event: 2755.922 Thread 0x0000026bfc1e0800 DEOPT UNPACKING pc=0x0000026b886568af sp=0x0000009ddbbfa3d0 mode 2
Event: 2756.270 Thread 0x0000026bfc1e0800 Uncommon trap: trap_request=0xffffff4d fr.pc=0x0000026b91742448 relative=0x00000000000007c8
Event: 2756.270 Thread 0x0000026bfc1e0800 Uncommon trap: reason=unstable_if action=reinterpret pc=0x0000026b91742448 method=com.jidesoft.docking.DockingUtils.g(Ljava/awt/Component;)Ljava/awt/Component; @ 22 c2
Event: 2756.270 Thread 0x0000026bfc1e0800 DEOPT PACKING pc=0x0000026b91742448 sp=0x0000009ddbbfb380
Event: 2756.270 Thread 0x0000026bfc1e0800 DEOPT UNPACKING pc=0x0000026b886568af sp=0x0000009ddbbfb2a0 mode 2
Event: 2756.270 Thread 0x0000026bfc1e0800 Uncommon trap: trap_request=0xffffff4d fr.pc=0x0000026b90d5fe64 relative=0x0000000000000124
Event: 2756.270 Thread 0x0000026bfc1e0800 Uncommon trap: reason=unstable_if action=reinterpret pc=0x0000026b90d5fe64 method=com.jidesoft.docking.DockingUtils.g(Ljava/awt/Component;)Ljava/awt/Component; @ 22 c2
Event: 2756.270 Thread 0x0000026bfc1e0800 DEOPT PACKING pc=0x0000026b90d5fe64 sp=0x0000009ddbbfb300
Event: 2756.270 Thread 0x0000026bfc1e0800 DEOPT UNPACKING pc=0x0000026b886568af sp=0x0000009ddbbfb2a8 mode 2

Classes redefined (0 events):
No events

Internal exceptions (20 events):
Event: 2727.067 Thread 0x0000026bfc1e0800 Exception <a 'java/io/FileNotFoundException'{0x000000074e83e9f0}> (0x000000074e83e9f0) thrown at [./src/hotspot/share/prims/jni.cpp, line 615]
Event: 2727.160 Thread 0x0000026bfc1e0800 Exception <a 'java/io/FileNotFoundException'{0x000000074e840ff8}> (0x000000074e840ff8) thrown at [./src/hotspot/share/prims/jni.cpp, line 615]
Event: 2732.069 Thread 0x0000026bfc1e0800 Exception <a 'java/io/FileNotFoundException'{0x000000074e3cb630}> (0x000000074e3cb630) thrown at [./src/hotspot/share/prims/jni.cpp, line 615]
Event: 2732.160 Thread 0x0000026bfc1e0800 Exception <a 'java/io/FileNotFoundException'{0x000000074e10eeb8}> (0x000000074e10eeb8) thrown at [./src/hotspot/share/prims/jni.cpp, line 615]
Event: 2737.070 Thread 0x0000026bfc1e0800 Exception <a 'java/io/FileNotFoundException'{0x000000074dd906a8}> (0x000000074dd906a8) thrown at [./src/hotspot/share/prims/jni.cpp, line 615]
Event: 2737.161 Thread 0x0000026bfc1e0800 Exception <a 'java/io/FileNotFoundException'{0x000000074dd9e948}> (0x000000074dd9e948) thrown at [./src/hotspot/share/prims/jni.cpp, line 615]
Event: 2742.069 Thread 0x0000026bfc1e0800 Exception <a 'java/io/FileNotFoundException'{0x000000074f08ebd8}> (0x000000074f08ebd8) thrown at [./src/hotspot/share/prims/jni.cpp, line 615]
Event: 2742.161 Thread 0x0000026bfc1e0800 Exception <a 'java/io/FileNotFoundException'{0x000000074f090030}> (0x000000074f090030) thrown at [./src/hotspot/share/prims/jni.cpp, line 615]
Event: 2742.181 Thread 0x0000026bfc1e0800 Exception <a 'java/lang/NoSuchMethodError'{0x000000074ef48788}: 'java.lang.Object java.lang.invoke.DirectMethodHandle$Holder.invokeSpecial(java.lang.Object, java.lang.Object, int, int, java.lang.Object, java.lang.Object, java.lang.Object, int, java.lang.Object)'> (0x000000074ef48788) thrown at [./src/hotspot/share/interpreter/linkResolver.cpp, line 773]
Event: 2742.181 Thread 0x0000026bfc1e0800 Exception <a 'java/lang/NoSuchMethodError'{0x000000074ef4c1e8}: 'java.lang.Object java.lang.invoke.DelegatingMethodHandle$Holder.reinvoke_L(java.lang.Object, int, int, java.lang.Object, java.lang.Object, java.lang.Object, int, java.lang.Object)'> (0x000000074ef4c1e8) thrown at [./src/hotspot/share/interpreter/linkResolver.cpp, line 773]
Event: 2742.182 Thread 0x0000026bfc1e0800 Exception <a 'java/lang/NoSuchMethodError'{0x000000074ef987e0}: 'java.lang.Object java.lang.invoke.DirectMethodHandle$Holder.invokeSpecial(java.lang.Object, java.lang.Object, java.lang.Object, java.lang.Object, java.lang.Object, int, java.lang.Object)'> (0x000000074ef987e0) thrown at [./src/hotspot/share/interpreter/linkResolver.cpp, line 773]
Event: 2742.182 Thread 0x0000026bfc1e0800 Exception <a 'java/lang/NoSuchMethodError'{0x000000074ef9c338}: 'java.lang.Object java.lang.invoke.DelegatingMethodHandle$Holder.reinvoke_L(java.lang.Object, java.lang.Object, java.lang.Object, java.lang.Object, int, java.lang.Object)'> (0x000000074ef9c338) thrown at [./src/hotspot/share/interpreter/linkResolver.cpp, line 773]
Event: 2742.182 Thread 0x0000026bfc1e0800 Exception <a 'java/lang/NoSuchMethodError'{0x000000074efa6798}: 'java.lang.Object java.lang.invoke.Invokers$Holder.linkToTargetMethod(java.lang.Object, java.lang.Object, java.lang.Object, int, java.lang.Object, java.lang.Object)'> (0x000000074efa6798) thrown at [./src/hotspot/share/interpreter/linkResolver.cpp, line 773]
Event: 2747.070 Thread 0x0000026bfc1e0800 Exception <a 'java/io/FileNotFoundException'{0x000000074eb62ea0}> (0x000000074eb62ea0) thrown at [./src/hotspot/share/prims/jni.cpp, line 615]
Event: 2747.161 Thread 0x0000026bfc1e0800 Exception <a 'java/io/FileNotFoundException'{0x000000074eb87850}> (0x000000074eb87850) thrown at [./src/hotspot/share/prims/jni.cpp, line 615]
Event: 2749.485 Thread 0x0000026bfc1e0800 Implicit null exception at 0x0000026b9169a668 to 0x0000026b9169c69c
Event: 2752.070 Thread 0x0000026bfc1e0800 Exception <a 'java/io/FileNotFoundException'{0x000000074ffad910}> (0x000000074ffad910) thrown at [./src/hotspot/share/prims/jni.cpp, line 615]
Event: 2752.163 Thread 0x0000026bfc1e0800 Exception <a 'java/io/FileNotFoundException'{0x000000074ffafc70}> (0x000000074ffafc70) thrown at [./src/hotspot/share/prims/jni.cpp, line 615]
Event: 2757.071 Thread 0x0000026bfc1e0800 Exception <a 'java/io/FileNotFoundException'{0x000000074fa71090}> (0x000000074fa71090) thrown at [./src/hotspot/share/prims/jni.cpp, line 615]
Event: 2757.164 Thread 0x0000026bfc1e0800 Exception <a 'java/io/FileNotFoundException'{0x000000074faafd98}> (0x000000074faafd98) thrown at [./src/hotspot/share/prims/jni.cpp, line 615]

Events (20 events):
Event: 2755.938 Executing VM operation: G1CollectFull done
Event: 2755.938 Executing VM operation: G1CollectForAllocation
Event: 2755.940 Executing VM operation: G1CollectForAllocation done
Event: 2755.940 Thread 0x0000026bb8904000 Thread exited: 0x0000026bb8904000
Event: 2755.941 Executing VM operation: RevokeBias
Event: 2755.941 Executing VM operation: RevokeBias done
Event: 2756.073 Thread 0x0000026bb8903000 Thread added: 0x0000026bb8903000
Event: 2756.077 Thread 0x0000026bb8903000 Thread exited: 0x0000026bb8903000
Event: 2757.003 Thread 0x0000026bb8904000 Thread added: 0x0000026bb8904000
Event: 2757.008 Executing VM operation: RevokeBias
Event: 2757.008 Executing VM operation: RevokeBias done
Event: 2757.008 Thread 0x0000026bb8904000 Thread exited: 0x0000026bb8904000
Event: 2757.073 Thread 0x0000026bb8902000 Thread added: 0x0000026bb8902000
Event: 2757.078 Thread 0x0000026bb8902000 Thread exited: 0x0000026bb8902000
Event: 2758.074 Thread 0x0000026bb8902000 Thread added: 0x0000026bb8902000
Event: 2758.078 Thread 0x0000026bb8902000 Thread exited: 0x0000026bb8902000
Event: 2759.074 Thread 0x0000026bb8902000 Thread added: 0x0000026bb8902000
Event: 2759.078 Thread 0x0000026bb8902000 Thread exited: 0x0000026bb8902000
Event: 2760.076 Thread 0x0000026bb8902000 Thread added: 0x0000026bb8902000
Event: 2760.080 Thread 0x0000026bb8902000 Thread exited: 0x0000026bb8902000


Dynamic libraries:
0x00007ff630a70000 - 0x00007ff630aa1000 	C:\Xilinx\Vivado\2022.2\bin\unwrapped\win64.o\vivado.exe
0x00007ffc23990000 - 0x00007ffc23b88000 	C:\WINDOWS\SYSTEM32\ntdll.dll
0x00007ffc21ab0000 - 0x00007ffc21b72000 	C:\WINDOWS\System32\KERNEL32.DLL
0x00007ffc21100000 - 0x00007ffc213f6000 	C:\WINDOWS\System32\KERNELBASE.dll
0x00007ffc21000000 - 0x00007ffc21100000 	C:\WINDOWS\System32\ucrtbase.dll
0x00007ffc11830000 - 0x00007ffc1184e000 	C:\WINDOWS\SYSTEM32\VCRUNTIME140.dll
0x00007ffc11850000 - 0x00007ffc118dd000 	C:\WINDOWS\SYSTEM32\MSVCP140.dll
0x00007ffc1c480000 - 0x00007ffc1c498000 	C:\Xilinx\Vivado\2022.2\lib\win64.o\librdi_commonmain.dll
0x00007ffc11900000 - 0x00007ffc1190c000 	C:\WINDOWS\SYSTEM32\VCRUNTIME140_1.dll
0x00007ffb7c790000 - 0x00007ffb7dbc1000 	C:\Xilinx\Vivado\2022.2\lib\win64.o\librdi_common.dll
0x00007ffc21e40000 - 0x00007ffc21fdd000 	C:\WINDOWS\System32\USER32.dll
0x00007ffc217e0000 - 0x00007ffc21802000 	C:\WINDOWS\System32\win32u.dll
0x00007ffc1b5e0000 - 0x00007ffc1b601000 	C:\Xilinx\Vivado\2022.2\lib\win64.o\libboost_filesystem.dll
0x00007ffc23380000 - 0x00007ffc233ab000 	C:\WINDOWS\System32\GDI32.dll
0x00007ffc1a3e0000 - 0x00007ffc1a3e9000 	C:\Xilinx\Vivado\2022.2\lib\win64.o\librdi_commonversion.dll
0x00007ffc23060000 - 0x00007ffc23111000 	C:\WINDOWS\System32\ADVAPI32.dll
0x00007ffc21490000 - 0x00007ffc215a9000 	C:\WINDOWS\System32\gdi32full.dll
0x00007ffc23880000 - 0x00007ffc2391e000 	C:\WINDOWS\System32\msvcrt.dll
0x00007ffc21840000 - 0x00007ffc218dd000 	C:\WINDOWS\System32\msvcp_win.dll
0x00007ffbd4bb0000 - 0x00007ffbd4d65000 	C:\Xilinx\Vivado\2022.2\lib\win64.o\librdi_commonxillic.dll
0x00007ffc21d70000 - 0x00007ffc21e0f000 	C:\WINDOWS\System32\sechost.dll
0x00007ffc22b00000 - 0x00007ffc22b6b000 	C:\WINDOWS\System32\WS2_32.dll
0x00007ffc23260000 - 0x00007ffc23380000 	C:\WINDOWS\System32\RPCRT4.dll
0x00007ffc21fe0000 - 0x00007ffc22750000 	C:\WINDOWS\System32\SHELL32.dll
0x00007ffc21810000 - 0x00007ffc21837000 	C:\WINDOWS\System32\bcrypt.dll
0x000000005dbf0000 - 0x000000005dd1b000 	C:\Xilinx\Vivado\2022.2\lib\win64.o\tcl85t.dll
0x00007ffc21760000 - 0x00007ffc217d3000 	C:\WINDOWS\System32\WINTRUST.dll
0x00007ffc19b30000 - 0x00007ffc19b41000 	C:\Xilinx\Vivado\2022.2\lib\win64.o\libboost_date_time.dll
0x00007ffb96860000 - 0x00007ffb96bce000 	C:\Xilinx\Vivado\2022.2\lib\win64.o\libCOIN-all.dll
0x00007ffc0b560000 - 0x00007ffc0b5d9000 	C:\Xilinx\Vivado\2022.2\lib\win64.o\libboost_program_options.dll
0x00007ffc04c70000 - 0x00007ffc04d84000 	C:\Xilinx\Vivado\2022.2\lib\win64.o\libboost_regex.dll
0x00007ffc19b80000 - 0x00007ffc19b8c000 	C:\Xilinx\Vivado\2022.2\lib\win64.o\libboost_xilinx.dll
0x00007ffc19b10000 - 0x00007ffc19b2c000 	C:\Xilinx\Vivado\2022.2\lib\win64.o\libboost_thread.dll
0x00007ffc00200000 - 0x00007ffc00282000 	C:\Xilinx\Vivado\2022.2\lib\win64.o\libhdlpsolve.dll
0x00007ffc04e00000 - 0x00007ffc04ea5000 	C:\Xilinx\Vivado\2022.2\lib\win64.o\libhdxml.dll
0x00007ffb7b810000 - 0x00007ffb7c78d200 	C:\Xilinx\Vivado\2022.2\lib\win64.o\libisl_iostreams.dll
0x00007ffc19ae0000 - 0x00007ffc19b0a000 	C:\Xilinx\Vivado\2022.2\lib\win64.o\libisl_sysinfo.dll
0x00007ffc04c00000 - 0x00007ffc04c65000 	C:\Xilinx\Vivado\2022.2\lib\win64.o\liblmx6.0.dll
0x00007ffc19ac0000 - 0x00007ffc19ada000 	C:\Xilinx\Vivado\2022.2\lib\win64.o\pthreadVC2.dll
0x00007ffc0ba30000 - 0x00007ffc0ba51000 	C:\Xilinx\Vivado\2022.2\lib\win64.o\librdizlib.dll
0x00007ffc17540000 - 0x00007ffc1755c000 	C:\Xilinx\Vivado\2022.2\lib\win64.o\librdiconfig.dll
0x00007ffb96590000 - 0x00007ffb96851000 	C:\Xilinx\Vivado\2022.2\lib\win64.o\xerces-c_3_2.dll
0x00007ffc23000000 - 0x00007ffc2305b000 	C:\WINDOWS\System32\SHLWAPI.dll
0x00007ffb8dba0000 - 0x00007ffb8deb6000 	C:\Xilinx\Vivado\2022.2\lib\win64.o\libXil_lmgr11.dll
0x00007ffc22750000 - 0x00007ffc2282a000 	C:\WINDOWS\System32\COMDLG32.dll
0x00007ffc22b70000 - 0x00007ffc22ec3000 	C:\WINDOWS\System32\combase.dll
0x00007ffc21b80000 - 0x00007ffc21c2d000 	C:\WINDOWS\System32\shcore.dll
0x00007ffc11910000 - 0x00007ffc11929000 	C:\WINDOWS\SYSTEM32\NETAPI32.dll
0x00007ffc02960000 - 0x00007ffc02e36000 	C:\WINDOWS\SYSTEM32\WININET.dll
0x00007ffc1e9e0000 - 0x00007ffc1eaea000 	C:\WINDOWS\SYSTEM32\WINHTTP.dll
0x00007ffc13950000 - 0x00007ffc13b41000 	C:\WINDOWS\SYSTEM32\urlmon.dll
0x00007ffc21c30000 - 0x00007ffc21cfd000 	C:\WINDOWS\System32\OLEAUT32.dll
0x00007ffc22ed0000 - 0x00007ffc22ffb000 	C:\WINDOWS\System32\ole32.dll
0x00007ffc21600000 - 0x00007ffc2175d000 	C:\WINDOWS\System32\CRYPT32.dll
0x00007ffc10580000 - 0x00007ffc10589000 	C:\WINDOWS\SYSTEM32\WSOCK32.dll
0x00007ffc04dd0000 - 0x00007ffc04e00000 	C:\WINDOWS\SYSTEM32\VCOMP140.DLL
0x00007ffb798f0000 - 0x00007ffb7b807000 	C:\Xilinx\Vivado\2022.2\lib\win64.o\gurobi90.dll
0x00007ffc233b0000 - 0x00007ffc2340e000 	C:\WINDOWS\System32\WLDAP32.dll
0x00007ffc231a0000 - 0x00007ffc231a8000 	C:\WINDOWS\System32\Normaliz.dll
0x00007ffc14060000 - 0x00007ffc14078000 	C:\Xilinx\Vivado\2022.2\lib\win64.o\libboost_iostreams.dll
0x00007ffc02700000 - 0x00007ffc02724000 	C:\Xilinx\Vivado\2022.2\lib\win64.o\libisl_iosutils.dll
0x00007ffc10b70000 - 0x00007ffc10c20000 	C:\WINDOWS\WinSxS\amd64_microsoft.windows.common-controls_6595b64144ccf1df_5.82.19041.6280_none_792d7c952443c49a\COMCTL32.dll
0x00007ffc13460000 - 0x00007ffc1371e000 	C:\WINDOWS\SYSTEM32\iertutil.dll
0x00007ffc13870000 - 0x00007ffc13898000 	C:\WINDOWS\SYSTEM32\srvcli.dll
0x00007ffc20460000 - 0x00007ffc2046c000 	C:\WINDOWS\SYSTEM32\netutils.dll
0x00007ffc1f060000 - 0x00007ffc1f805000 	C:\WINDOWS\SYSTEM32\windows.storage.dll
0x00007ffc19670000 - 0x00007ffc1968d000 	C:\WINDOWS\SYSTEM32\dhcpcsvc.DLL
0x00007ffc20ef0000 - 0x00007ffc20f1e000 	C:\WINDOWS\SYSTEM32\USERENV.dll
0x00007ffc20a30000 - 0x00007ffc20a5b000 	C:\WINDOWS\SYSTEM32\Wldp.dll
0x00007ffc20790000 - 0x00007ffc207fa000 	C:\WINDOWS\SYSTEM32\MSWSOCK.DLL
0x00007ffc21e10000 - 0x00007ffc21e3f000 	C:\WINDOWS\System32\IMM32.DLL
0x00007ffc20bc0000 - 0x00007ffc20bd2000 	C:\WINDOWS\SYSTEM32\MSASN1.dll
0x00007ffc20990000 - 0x00007ffc209a8000 	C:\WINDOWS\SYSTEM32\CRYPTSP.dll
0x00007ffc1f820000 - 0x00007ffc1f832000 	C:\WINDOWS\SYSTEM32\kernel.appcore.dll
0x00007ffc20040000 - 0x00007ffc20078000 	C:\WINDOWS\system32\rsaenh.dll
0x00007ffc20980000 - 0x00007ffc2098c000 	C:\WINDOWS\SYSTEM32\CRYPTBASE.dll
0x00007ffc21400000 - 0x00007ffc21482000 	C:\WINDOWS\System32\bcryptPrimitives.dll
0x00007ffc229f0000 - 0x00007ffc22a0d000 	C:\WINDOWS\System32\imagehlp.dll
0x00007ffb8d660000 - 0x00007ffb8db93000 	C:\Xilinx\Vivado\2022.2\lib\win64.o\librdi_commontasks.dll
0x00007ffc18e20000 - 0x00007ffc18e2a000 	C:\WINDOWS\SYSTEM32\VERSION.dll
0x00007ffb8d330000 - 0x00007ffb8d655a00 	C:\Xilinx\Vivado\2022.2\lib\win64.o\librdi_sio.dll
0x00007ffc20420000 - 0x00007ffc2045b000 	C:\WINDOWS\SYSTEM32\IPHLPAPI.DLL
0x00007ffb78da0000 - 0x00007ffb798ed000 	C:\Xilinx\Vivado\2022.2\tps\win64\jre11.0.11_9\bin\server\jvm.dll
0x00007ffc22830000 - 0x00007ffc22838000 	C:\WINDOWS\System32\PSAPI.DLL
0x00007ffc12fd0000 - 0x00007ffc12ff7000 	C:\WINDOWS\SYSTEM32\WINMM.dll
0x00007ffc20eb0000 - 0x00007ffc20ee2000 	C:\WINDOWS\SYSTEM32\SspiCli.dll
0x00007ffc05e30000 - 0x00007ffc05e47000 	C:\WINDOWS\system32\napinsp.dll
0x00007ffc05df0000 - 0x00007ffc05e0b000 	C:\WINDOWS\system32\pnrpnsp.dll
0x00007ffc1a010000 - 0x00007ffc1a02d000 	C:\WINDOWS\system32\NLAapi.dll
0x00007ffc20470000 - 0x00007ffc2053a000 	C:\WINDOWS\SYSTEM32\DNSAPI.dll
0x00007ffc21d00000 - 0x00007ffc21d08000 	C:\WINDOWS\System32\NSI.dll
0x00007ffc05d70000 - 0x00007ffc05d82000 	C:\WINDOWS\System32\winrnr.dll
0x00007ffc1cd90000 - 0x00007ffc1cdad000 	C:\WINDOWS\system32\wshbth.dll
0x00007ffb76070000 - 0x00007ffb78d95000 	C:\Xilinx\Vivado\2022.2\lib\win64.o\librdi_tcltasks.dll
0x00007ffc001b0000 - 0x00007ffc001f4000 	C:\Xilinx\Vivado\2022.2\lib\win64.o\libboost_serialization.dll
0x00007ffbfdb50000 - 0x00007ffbfdbd0000 	C:\Xilinx\Vivado\2022.2\lib\win64.o\librdi_boarddep.dll
0x00007ffbd37e0000 - 0x00007ffbd39c3000 	C:\Xilinx\Vivado\2022.2\lib\win64.o\librdi_board.dll
0x00007ffb7fc40000 - 0x00007ffb8011d000 	C:\Xilinx\Vivado\2022.2\lib\win64.o\librdi_bitstream.dll
0x00007ffbd3560000 - 0x00007ffbd3687000 	C:\Xilinx\Vivado\2022.2\lib\win64.o\librdi_chipscope.dll
0x00007ffbb9f60000 - 0x00007ffbba162000 	C:\Xilinx\Vivado\2022.2\lib\win64.o\librdi_chipscopeimpl.dll
0x00007ffbd0ef0000 - 0x00007ffbd1055000 	C:\Xilinx\Vivado\2022.2\lib\win64.o\librdi_containers.dll
0x00007ffb73e40000 - 0x00007ffb7606c000 	C:\Xilinx\Vivado\2022.2\lib\win64.o\librdi_constraints.dll
0x00007ffb6e350000 - 0x00007ffb6f835000 	C:\Xilinx\Vivado\2022.2\lib\win64.o\librdi_device.dll
0x00007ffb6f840000 - 0x00007ffb7184d000 	C:\Xilinx\Vivado\2022.2\lib\win64.o\librdi_designutils.dll
0x00007ffb71850000 - 0x00007ffb73e35000 	C:\Xilinx\Vivado\2022.2\lib\win64.o\librdi_coregen.dll
0x00007ffb7e680000 - 0x00007ffb7ea03000 	C:\Xilinx\Vivado\2022.2\lib\win64.o\librdi_dlyest.dll
0x00007ffbe95e0000 - 0x00007ffbe9694000 	C:\Xilinx\Vivado\2022.2\lib\win64.o\librdi_dsp.dll
0x00007ffb6dc70000 - 0x00007ffb6e34b000 	C:\Xilinx\Vivado\2022.2\lib\win64.o\librdi_drc.dll
0x00007ffb6d2a0000 - 0x00007ffb6d5cb000 	C:\Xilinx\Vivado\2022.2\lib\win64.o\librdi_guitools.dll
0x00007ffb6d5d0000 - 0x00007ffb6dc65000 	C:\Xilinx\Vivado\2022.2\lib\win64.o\librdi_filemgmt.dll
0x00007ffbf31a0000 - 0x00007ffbf320b000 	C:\Xilinx\Vivado\2022.2\lib\win64.o\librdi_hdf.dll
0x00007ffb6cfe0000 - 0x00007ffb6d29d000 	C:\Xilinx\Vivado\2022.2\lib\win64.o\librdi_hip_devdesign.dll
0x00007ffbba990000 - 0x00007ffbbaad7000 	C:\Xilinx\Vivado\2022.2\lib\win64.o\librdi_hip_perf_analysis.dll
0x00007ffb6c1a0000 - 0x00007ffb6cfd3000 	C:\Xilinx\Vivado\2022.2\lib\win64.o\librdi_ippcw.dll
0x00007ffb6b280000 - 0x00007ffb6c19b000 	C:\Xilinx\Vivado\2022.2\lib\win64.o\librdi_implflow.dll
0x00007ffb6ac20000 - 0x00007ffb6b275000 	C:\Xilinx\Vivado\2022.2\lib\win64.o\librdi_memdata.dll
0x00007ffbe97d0000 - 0x00007ffbe984d000 	C:\Xilinx\Vivado\2022.2\lib\win64.o\librdi_memoryarray.dll
0x00007ffb6a470000 - 0x00007ffb6ac11000 	C:\Xilinx\Vivado\2022.2\lib\win64.o\librdi_lopt.dll
0x00007ffbf0d40000 - 0x00007ffbf0d9b000 	C:\Xilinx\Vivado\2022.2\lib\win64.o\librdi_pfi.dll
0x00007ffb67430000 - 0x00007ffb67b9d000 	C:\Xilinx\Vivado\2022.2\lib\win64.o\librdi_netlist.dll
0x00007ffb63ea0000 - 0x00007ffb64310000 	C:\Xilinx\Vivado\2022.2\lib\win64.o\librdi_platform.dll
0x00007ffb635c0000 - 0x00007ffb63e94000 	C:\Xilinx\Vivado\2022.2\lib\win64.o\librdi_power.dll
0x00007ffb62a60000 - 0x00007ffb631c7000 	C:\Xilinx\Vivado\2022.2\lib\win64.o\librdi_project.dll
0x00007ffb62320000 - 0x00007ffb62a55000 	C:\Xilinx\Vivado\2022.2\lib\win64.o\librdi_psta.dll
0x00007ffb64310000 - 0x00007ffb67430000 	C:\Xilinx\Vivado\2022.2\lib\win64.o\librdi_place.dll
0x00007ffb619d0000 - 0x00007ffb62320000 	C:\Xilinx\Vivado\2022.2\lib\win64.o\librdi_rsb.dll
0x00007ffb61460000 - 0x00007ffb619c3000 	C:\Xilinx\Vivado\2022.2\lib\win64.o\librdi_runs.dll
0x00007ffbd3020000 - 0x00007ffbd3139000 	C:\Xilinx\Vivado\2022.2\lib\win64.o\librdi_runsbase.dll

dbghelp: loaded successfully - version: 4.0.5 - missing functions: none
symbol engine: initialized successfully - sym options: 0x614 - pdb path: .;C:\Xilinx\Vivado\2022.2\bin\unwrapped\win64.o;C:\WINDOWS\SYSTEM32;C:\Xilinx\Vivado\2022.2\lib\win64.o;C:\WINDOWS\WinSxS\amd64_microsoft.windows.common-controls_6595b64144ccf1df_5.82.19041.6280_none_792d7c952443c49a;C:\Xilinx\Vivado\2022.2\tps\win64\jre11.0.11_9\bin\server;C:\Xilinx\Vivado\2022.2\tps\win64\python-3.8.3;C:\Xilinx\Vivado\2022.2\tps\win64\jre11.0.11_9\bin;C:\WINDOWS\WinSxS\amd64_microsoft.windows.common-controls_6595b64144ccf1df_6.0.19041.6280_none_60bc30a171f2f3f3

VM Arguments:
jvm_args: -Dsun.java2d.pmoffscreen=false -Dhttps.protocols=TLSv1,TLSv1.1,TLSv1.2 -Dsun.java2d.xrender=false -Dsun.java2d.d3d=false -Dsun.awt.nopixfmt=true -Dsun.java2d.dpiaware=true -Dsun.java2d.uiScale.enabled=false -Xverify:none -Dswing.aatext=true -XX:-UsePerfData -Djdk.map.althashing.threshold=512 -XX:StringTableSize=4072 --add-opens=java.desktop/com.sun.awt=ALL-UNNAMED --add-opens=java.desktop/javax.swing.plaf.synth=ALL-UNNAMED --add-opens=java.base/java.nio=ALL-UNNAMED --add-opens=java.desktop/sun.swing=ALL-UNNAMED --add-opens=java.desktop/javax.swing=ALL-UNNAMED --add-opens=java.desktop/javax.swing.tree=ALL-UNNAMED --add-opens=java.desktop/javax.swing.plaf.basic=ALL-UNNAMED --add-opens=java.desktop/javax.swing.plaf.synth=ALL-UNNAMED --add-opens=java.desktop/javax.swing.plaf.basic=ALL-UNNAMED --add-opens=java.desktop/javax.swing=ALL-UNNAMED --add-opens=java.desktop/javax.swing.tree=ALL-UNNAMED --add-opens=java.desktop/java.awt.event=ALL-UNNAMED --add-exports=java.desktop/javax.swing.plaf.synth=ALL-UNNAMED --add-exports=java.base/java.nio=ALL-UNNAMED --add-exports=java.desktop/sun.swing=ALL-UNNAMED --add-exports=java.desktop/javax.swing=ALL-UNNAMED --add-exports=java.desktop/javax.swing.tree=ALL-UNNAMED --add-exports=java.desktop/javax.swing.plaf.basic=ALL-UNNAMED --add-exports=java.desktop/sun.swing=ALL-UNNAMED --add-exports=java.desktop/sun.swing.table=ALL-UNNAMED --add-exports=java.desktop/sun.swing.plaf.synth=ALL-UNNAMED --add-exports=java.desktop/sun.awt.shell=ALL-UNNAMED --add-exports=java.base/sun.security.action=ALL-UNNAMED --add-exports=java.desktop/sun.font=ALL-UNNAMED -XX:NewSize=60m -XX:MaxNewSize=60m -Xms256m -Xmx3072m -Xss5m 
java_command: <unknown>
java_class_path (initial): C:/Xilinx/Vivado/2022.2\lib\classes\alloy.jar;C:/Xilinx/Vivado/2022.2\lib\classes\asm-9.3.jar;C:/Xilinx/Vivado/2022.2\lib\classes\asm-analysis-9.3.jar;C:/Xilinx/Vivado/2022.2\lib\classes\asm-commons-9.3.jar;C:/Xilinx/Vivado/2022.2\lib\classes\asm-tree-9.3.jar;C:/Xilinx/Vivado/2022.2\lib\classes\autoesl-models.jar;C:/Xilinx/Vivado/2022.2\lib\classes\batik-anim.jar;C:/Xilinx/Vivado/2022.2\lib\classes\batik-awt-util.jar;C:/Xilinx/Vivado/2022.2\lib\classes\batik-bridge.jar;C:/Xilinx/Vivado/2022.2\lib\classes\batik-codec.jar;C:/Xilinx/Vivado/2022.2\lib\classes\batik-css.jar;C:/Xilinx/Vivado/2022.2\lib\classes\batik-dom.jar;C:/Xilinx/Vivado/2022.2\lib\classes\batik-ext.jar;C:/Xilinx/Vivado/2022.2\lib\classes\batik-gui-util.jar;C:/Xilinx/Vivado/2022.2\lib\classes\batik-gvt.jar;C:/Xilinx/Vivado/2022.2\lib\classes\batik-parser.jar;C:/Xilinx/Vivado/2022.2\lib\classes\batik-script.jar;C:/Xilinx/Vivado/2022.2\lib\classes\batik-svg-dom.jar;C:/Xilinx/Vivado/2022.2\lib\classes\batik-svggen.jar;C:/Xilinx/Vivado/2022.2\lib\classes\batik-swing.jar;C:/Xilinx/Vivado/2022.2\lib\classes\batik-transcoder.jar;C:/Xilinx/Vivado/2022.2\lib\classes\batik-util.jar;C:/Xilinx/Vivado/2022.2\lib\classes\batik-xml.jar;C:/Xilinx/Vivado/2022.2\lib\classes\com.fasterxml.jackson.core.jackson-annotations_2.12.1.v20210128-1726.jar;C:/Xilinx/Vivado/2022.2\lib\classes\com.fasterxml.jackson.core.jackson-core_2.12.1.v20210128-1726.jar;C:/Xilinx/Vivado/2022.2\lib\classes\com.fasterxml.jackson.core.jackson-databind_2.12.1.v20210128-1726.jar;C:/Xilinx/Vivado/2022.2\lib\classes\com.google.gson_2.8.7.v20210624-1215.jar;C:/Xilinx/Vivado/2022.2\lib\classes\com.google.guava_30.1.0.v20210127-2300.jar;C:/Xilinx/Vivado/2022.2\lib\classes\com.sigasi.hdt.connection_4.15.0.202201101137.jar;C:/Xilinx/Vivado/2022.2\lib\classes\com.sigasi.hdt.epl_4.15.0.202201101137.jar;C:/Xilinx/Vivado/2022.2\lib\classes\com.sigasi.hdt.project_4.15.0.202201101137.jar;C:/Xilinx/Vivado/2022.2\lib\classes\com.sigasi
Launcher Type: generic

[Global flags]
     bool BytecodeVerificationLocal                = false                                     {product} {command line}
     bool BytecodeVerificationRemote               = false                                     {product} {command line}
     intx CICompilerCount                          = 4                                         {product} {ergonomic}
     uint ConcGCThreads                            = 2                                         {product} {ergonomic}
     uint G1ConcRefinementThreads                  = 8                                         {product} {ergonomic}
   size_t G1HeapRegionSize                         = 1048576                                   {product} {ergonomic}
    uintx GCDrainStackTargetSize                   = 64                                        {product} {ergonomic}
   size_t InitialHeapSize                          = 268435456                                 {product} {command line}
   size_t MarkStackSize                            = 4194304                                   {product} {ergonomic}
   size_t MaxHeapSize                              = 3221225472                                {product} {command line}
   size_t MaxNewSize                               = 62914560                                  {product} {command line}
   size_t MinHeapDeltaBytes                        = 1048576                                   {product} {ergonomic}
   size_t NewSize                                  = 62914560                                  {product} {command line}
    uintx NonNMethodCodeHeapSize                   = 5836300                                {pd product} {ergonomic}
    uintx NonProfiledCodeHeapSize                  = 122910970                              {pd product} {ergonomic}
    uintx ProfiledCodeHeapSize                     = 122910970                              {pd product} {ergonomic}
    uintx ReservedCodeCacheSize                    = 251658240                              {pd product} {ergonomic}
     bool SegmentedCodeCache                       = true                                      {product} {ergonomic}
    uintx StringTableSize                          = 4072                                      {product} {command line}
     intx ThreadStackSize                          = 5120                                   {pd product} {command line}
     bool UseCompressedClassPointers               = true                                 {lp64_product} {ergonomic}
     bool UseCompressedOops                        = true                                 {lp64_product} {ergonomic}
     bool UseG1GC                                  = true                                      {product} {ergonomic}
     bool UseLargePagesIndividualAllocation        = false                                  {pd product} {ergonomic}
     bool UsePerfData                              = false                                     {product} {command line}

Logging:
Log output configuration:
 #0: stdout all=warning uptime,level,tags
 #1: stderr all=off uptime,level,tags

Environment Variables:
JAVA_HOME=C:\Program Files\Java\jdk-23
PATH=C:/Xilinx/Vivado/2022.2/bin;C:/Xilinx/Vivado/2022.2/tps/win64/java-cef-95.0.4638.69/bin/lib/win64;C:/Xilinx/Vivado/2022.2/tps/win64/javafx-sdk-11.0.2/lib;C:/Xilinx/Vivado/2022.2/tps/win64/javafx-sdk-11.0.2/bin;C:/Xilinx/Vivado/2022.2/lib/win64.o;C:/Xilinx/Vivado/2022.2/tps/win64/jre11.0.11_9/bin/server;C:/Xilinx/Vivado/2022.2/tps/win64/jre11.0.11_9/bin;C:/Xilinx/Vivado/2022.2/ids_lite/ISE/bin/nt64;C:/Xilinx/Vivado/2022.2/ids_lite/ISE/lib/nt64;C:/Xilinx/Vitis_HLS/2022.2/bin;C:\Program Files\Common Files\Oracle\Java\javapath;C:\Program Files (x86)\Common Files\Oracle\Java\java8path;C:\Program Files (x86)\Common Files\Oracle\Java\javapath;C:\WINDOWS\system32;C:\WINDOWS;C:\WINDOWS\System32\Wbem;C:\WINDOWS\System32\WindowsPowerShell\v1.0\;C:\WINDOWS\System32\OpenSSH\;C:\Program Files\dotnet\;C:\Program Files (x86)\IDEMIA\AWP\Dlls;C:\Program Files\IDEMIA\AWP\Dlls;C:\Program Files (x86)\Windows Kits\10\Windows Performance Toolkit\;C:\Users\Mechlab\AppData\Local\Programs\Python\Python312\Scripts\;C:\Users\Mechlab\AppData\Local\Programs\Python\Python312\;C:\Users\Mechlab\AppData\Local\Programs\Python\Launcher\;C:\Program Files\MySQL\MySQL Shell 8.0\bin\;C:\Users\Mechlab\AppData\Local\Microsoft\WindowsApps;C:\Program Files\Java\jdk-23\bin;;C:/Xilinx/Vivado/2022.2\tps\mingw\6.2.0\win64.o\nt\bin;C:/Xilinx/Vivado/2022.2\tps\mingw\6.2.0\win64.o\nt\libexec\gcc\x86_64-w64-mingw32\6.2.0;C:/Xilinx/Vivado/2022.2\tps\win64\python-3.8.3;C:/Xilinx/Vivado/2022.2\tps\win64\python-3.8.3\bin;C:/Xilinx/Vivado/2022.2\tps\win64\python-3.8.3\lib;C:/Xilinx/Vivado/2022.2\tps\win64\python-3.8.3\lib\site-packages
USERNAME=Mechlab
OS=Windows_NT
PROCESSOR_IDENTIFIER=Intel64 Family 6 Model 94 Stepping 3, GenuineIntel



---------------  S Y S T E M  ---------------

OS: Windows 10 , 64 bit Build 19041 (10.0.19041.5915)
OS uptime: 9 days 3:32 hours

CPU:total 8 (initial active 8) (4 cores per cpu, 2 threads per core) family 6 model 94 stepping 3 microcode 0xcc, cmov, cx8, fxsr, mmx, sse, sse2, sse3, ssse3, sse4.1, sse4.2, popcnt, avx, avx2, aes, clmul, erms, rtm, 3dnowpref, lzcnt, ht, tsc, tscinvbit, bmi1, bmi2, adx, fma

Memory: 4k page, system-wide physical 15762M (7314M free)
TotalPageFile size 18194M (AvailPageFile size 5998M)
current process WorkingSet (physical memory assigned to process): 1014M, peak: 1039M
current process commit charge ("private bytes"): 1162M, peak: 1192M

vm_info: OpenJDK 64-Bit Server VM (11.0.11+9) for windows-amd64 JRE (11.0.11+9), built on Apr  9 2021 19:32:08 by "" with MS VC++ 15.5 (VS2017)

END.
